<?xml version="1.0" encoding="UTF-8"?>
<!-- Generated by org.testng.reporters.JUnitReportReporter -->
<testsuite skipped="5" hostname="INDEL-L-4B3JDM3" name="nsf.ecap.New_NSFOnline_Suite.BS_39_Subway_Dashbord_CA_Report" tests="5" failures="0" timestamp="2022-07-25T13:56:14 IST" time="0.000" errors="0">
  <testcase name="Launch_Browser_and_Successfully_Login_into_the_Application" time="0.000" classname="nsf.ecap.New_NSFOnline_Suite.BS_39_Subway_Dashbord_CA_Report">
    <skipped/>
  </testcase> <!-- Launch_Browser_and_Successfully_Login_into_the_Application -->
  <system-out/>
  <testcase name="Dashboard_Verify_PicChartCount_for_PreviousAuditRound" time="0.000" classname="nsf.ecap.New_NSFOnline_Suite.BS_39_Subway_Dashbord_CA_Report">
    <skipped/>
  </testcase> <!-- Dashboard_Verify_PicChartCount_for_PreviousAuditRound -->
  <system-out/>
  <testcase name="SelfREV_ClickAndOpen_FirstRecord_thenDownloadReport_Verify_forNoError" time="0.000" classname="nsf.ecap.New_NSFOnline_Suite.BS_39_Subway_Dashbord_CA_Report">
    <skipped/>
  </testcase> <!-- SelfREV_ClickAndOpen_FirstRecord_thenDownloadReport_Verify_forNoError -->
  <system-out/>
  <testcase name="AuditCorrAction_OpenFirstCarFromAdvanceSearch_Submit_and_Approve_It" time="0.000" classname="nsf.ecap.New_NSFOnline_Suite.BS_39_Subway_Dashbord_CA_Report">
    <skipped/>
  </testcase> <!-- AuditCorrAction_OpenFirstCarFromAdvanceSearch_Submit_and_Approve_It -->
  <system-out/>
  <testcase name="Verify_and_Download_SubwayRevNC_Report_under_ManagementReports" time="0.000" classname="nsf.ecap.New_NSFOnline_Suite.BS_39_Subway_Dashbord_CA_Report">
    <skipped/>
  </testcase> <!-- Verify_and_Download_SubwayRevNC_Report_under_ManagementReports -->
  <system-out/>
</testsuite> <!-- nsf.ecap.New_NSFOnline_Suite.BS_39_Subway_Dashbord_CA_Report -->
