<?xml version="1.0" encoding="UTF-8"?>
<!-- Generated by org.testng.reporters.JUnitReportReporter -->
<testsuite skipped="132" hostname="INDEL-L-4B3JDM3" name="nsf.ecap.SCFS_suite.Non_Cert_Standards" tests="132" failures="0" timestamp="2022-07-25T13:56:14 IST" time="0.000" errors="0">
  <testcase name="SQF_Non_Cert_flow" time="0.000" classname="nsf.ecap.SCFS_suite.Non_Cert_Standards">
    <skipped/>
  </testcase> <!-- SQF_Non_Cert_flow -->
  <system-out/>
  <testcase name="SQF_Non_Cert_flow" time="0.000" classname="nsf.ecap.SCFS_suite.Non_Cert_Standards">
    <skipped/>
  </testcase> <!-- SQF_Non_Cert_flow -->
  <system-out/>
  <testcase name="SQF_Non_Cert_flow" time="0.000" classname="nsf.ecap.SCFS_suite.Non_Cert_Standards">
    <skipped/>
  </testcase> <!-- SQF_Non_Cert_flow -->
  <system-out/>
  <testcase name="SQF_Non_Cert_flow" time="0.000" classname="nsf.ecap.SCFS_suite.Non_Cert_Standards">
    <skipped/>
  </testcase> <!-- SQF_Non_Cert_flow -->
  <system-out/>
  <testcase name="SQF_Non_Cert_flow" time="0.000" classname="nsf.ecap.SCFS_suite.Non_Cert_Standards">
    <skipped/>
  </testcase> <!-- SQF_Non_Cert_flow -->
  <system-out/>
  <testcase name="SQF_Non_Cert_flow" time="0.000" classname="nsf.ecap.SCFS_suite.Non_Cert_Standards">
    <skipped/>
  </testcase> <!-- SQF_Non_Cert_flow -->
  <system-out/>
  <testcase name="SQF_Non_Cert_flow" time="0.000" classname="nsf.ecap.SCFS_suite.Non_Cert_Standards">
    <skipped/>
  </testcase> <!-- SQF_Non_Cert_flow -->
  <system-out/>
  <testcase name="SQF_Non_Cert_flow" time="0.000" classname="nsf.ecap.SCFS_suite.Non_Cert_Standards">
    <skipped/>
  </testcase> <!-- SQF_Non_Cert_flow -->
  <system-out/>
  <testcase name="SQF_Non_Cert_flow" time="0.000" classname="nsf.ecap.SCFS_suite.Non_Cert_Standards">
    <skipped/>
  </testcase> <!-- SQF_Non_Cert_flow -->
  <system-out/>
  <testcase name="SQF_Non_Cert_flow" time="0.000" classname="nsf.ecap.SCFS_suite.Non_Cert_Standards">
    <skipped/>
  </testcase> <!-- SQF_Non_Cert_flow -->
  <system-out/>
  <testcase name="SQF_Non_Cert_flow" time="0.000" classname="nsf.ecap.SCFS_suite.Non_Cert_Standards">
    <skipped/>
  </testcase> <!-- SQF_Non_Cert_flow -->
  <system-out/>
  <testcase name="SQF_Non_Cert_flow" time="0.000" classname="nsf.ecap.SCFS_suite.Non_Cert_Standards">
    <skipped/>
  </testcase> <!-- SQF_Non_Cert_flow -->
  <system-out/>
  <testcase name="SQF_Non_Cert_flow" time="0.000" classname="nsf.ecap.SCFS_suite.Non_Cert_Standards">
    <skipped/>
  </testcase> <!-- SQF_Non_Cert_flow -->
  <system-out/>
  <testcase name="SQF_Non_Cert_flow" time="0.000" classname="nsf.ecap.SCFS_suite.Non_Cert_Standards">
    <skipped/>
  </testcase> <!-- SQF_Non_Cert_flow -->
  <system-out/>
  <testcase name="SQF_Non_Cert_flow" time="0.000" classname="nsf.ecap.SCFS_suite.Non_Cert_Standards">
    <skipped/>
  </testcase> <!-- SQF_Non_Cert_flow -->
  <system-out/>
  <testcase name="SQF_Non_Cert_flow" time="0.000" classname="nsf.ecap.SCFS_suite.Non_Cert_Standards">
    <skipped/>
  </testcase> <!-- SQF_Non_Cert_flow -->
  <system-out/>
  <testcase name="SQF_Non_Cert_flow" time="0.000" classname="nsf.ecap.SCFS_suite.Non_Cert_Standards">
    <skipped/>
  </testcase> <!-- SQF_Non_Cert_flow -->
  <system-out/>
  <testcase name="SQF_Non_Cert_flow" time="0.000" classname="nsf.ecap.SCFS_suite.Non_Cert_Standards">
    <skipped/>
  </testcase> <!-- SQF_Non_Cert_flow -->
  <system-out/>
  <testcase name="SQF_Non_Cert_flow" time="0.000" classname="nsf.ecap.SCFS_suite.Non_Cert_Standards">
    <skipped/>
  </testcase> <!-- SQF_Non_Cert_flow -->
  <system-out/>
  <testcase name="SQF_Non_Cert_flow" time="0.000" classname="nsf.ecap.SCFS_suite.Non_Cert_Standards">
    <skipped/>
  </testcase> <!-- SQF_Non_Cert_flow -->
  <system-out/>
  <testcase name="SQF_Non_Cert_flow" time="0.000" classname="nsf.ecap.SCFS_suite.Non_Cert_Standards">
    <skipped/>
  </testcase> <!-- SQF_Non_Cert_flow -->
  <system-out/>
  <testcase name="SQF_Non_Cert_flow" time="0.000" classname="nsf.ecap.SCFS_suite.Non_Cert_Standards">
    <skipped/>
  </testcase> <!-- SQF_Non_Cert_flow -->
  <system-out/>
  <testcase name="SQF_Non_Cert_flow" time="0.000" classname="nsf.ecap.SCFS_suite.Non_Cert_Standards">
    <skipped/>
  </testcase> <!-- SQF_Non_Cert_flow -->
  <system-out/>
  <testcase name="SQF_Non_Cert_flow" time="0.000" classname="nsf.ecap.SCFS_suite.Non_Cert_Standards">
    <skipped/>
  </testcase> <!-- SQF_Non_Cert_flow -->
  <system-out/>
  <testcase name="SQF_Non_Cert_flow" time="0.000" classname="nsf.ecap.SCFS_suite.Non_Cert_Standards">
    <skipped/>
  </testcase> <!-- SQF_Non_Cert_flow -->
  <system-out/>
  <testcase name="SQF_Non_Cert_flow" time="0.000" classname="nsf.ecap.SCFS_suite.Non_Cert_Standards">
    <skipped/>
  </testcase> <!-- SQF_Non_Cert_flow -->
  <system-out/>
  <testcase name="SQF_Non_Cert_flow" time="0.000" classname="nsf.ecap.SCFS_suite.Non_Cert_Standards">
    <skipped/>
  </testcase> <!-- SQF_Non_Cert_flow -->
  <system-out/>
  <testcase name="SQF_Non_Cert_flow" time="0.000" classname="nsf.ecap.SCFS_suite.Non_Cert_Standards">
    <skipped/>
  </testcase> <!-- SQF_Non_Cert_flow -->
  <system-out/>
  <testcase name="SQF_Non_Cert_flow" time="0.000" classname="nsf.ecap.SCFS_suite.Non_Cert_Standards">
    <skipped/>
  </testcase> <!-- SQF_Non_Cert_flow -->
  <system-out/>
  <testcase name="SQF_Non_Cert_flow" time="0.000" classname="nsf.ecap.SCFS_suite.Non_Cert_Standards">
    <skipped/>
  </testcase> <!-- SQF_Non_Cert_flow -->
  <system-out/>
  <testcase name="SQF_Non_Cert_flow" time="0.000" classname="nsf.ecap.SCFS_suite.Non_Cert_Standards">
    <skipped/>
  </testcase> <!-- SQF_Non_Cert_flow -->
  <system-out/>
  <testcase name="SQF_Non_Cert_flow" time="0.000" classname="nsf.ecap.SCFS_suite.Non_Cert_Standards">
    <skipped/>
  </testcase> <!-- SQF_Non_Cert_flow -->
  <system-out/>
  <testcase name="SQF_Non_Cert_flow" time="0.000" classname="nsf.ecap.SCFS_suite.Non_Cert_Standards">
    <skipped/>
  </testcase> <!-- SQF_Non_Cert_flow -->
  <system-out/>
  <testcase name="SQF_Non_Cert_flow" time="0.000" classname="nsf.ecap.SCFS_suite.Non_Cert_Standards">
    <skipped/>
  </testcase> <!-- SQF_Non_Cert_flow -->
  <system-out/>
  <testcase name="SQF_Non_Cert_flow" time="0.000" classname="nsf.ecap.SCFS_suite.Non_Cert_Standards">
    <skipped/>
  </testcase> <!-- SQF_Non_Cert_flow -->
  <system-out/>
  <testcase name="SQF_Non_Cert_flow" time="0.000" classname="nsf.ecap.SCFS_suite.Non_Cert_Standards">
    <skipped/>
  </testcase> <!-- SQF_Non_Cert_flow -->
  <system-out/>
  <testcase name="SQF_Non_Cert_flow" time="0.000" classname="nsf.ecap.SCFS_suite.Non_Cert_Standards">
    <skipped/>
  </testcase> <!-- SQF_Non_Cert_flow -->
  <system-out/>
  <testcase name="SQF_Non_Cert_flow" time="0.000" classname="nsf.ecap.SCFS_suite.Non_Cert_Standards">
    <skipped/>
  </testcase> <!-- SQF_Non_Cert_flow -->
  <system-out/>
  <testcase name="SQF_Non_Cert_flow" time="0.000" classname="nsf.ecap.SCFS_suite.Non_Cert_Standards">
    <skipped/>
  </testcase> <!-- SQF_Non_Cert_flow -->
  <system-out/>
  <testcase name="SQF_Non_Cert_flow" time="0.000" classname="nsf.ecap.SCFS_suite.Non_Cert_Standards">
    <skipped/>
  </testcase> <!-- SQF_Non_Cert_flow -->
  <system-out/>
  <testcase name="SQF_Non_Cert_flow" time="0.000" classname="nsf.ecap.SCFS_suite.Non_Cert_Standards">
    <skipped/>
  </testcase> <!-- SQF_Non_Cert_flow -->
  <system-out/>
  <testcase name="SQF_Non_Cert_flow" time="0.000" classname="nsf.ecap.SCFS_suite.Non_Cert_Standards">
    <skipped/>
  </testcase> <!-- SQF_Non_Cert_flow -->
  <system-out/>
  <testcase name="SQF_Non_Cert_flow" time="0.000" classname="nsf.ecap.SCFS_suite.Non_Cert_Standards">
    <skipped/>
  </testcase> <!-- SQF_Non_Cert_flow -->
  <system-out/>
  <testcase name="SQF_Non_Cert_flow" time="0.000" classname="nsf.ecap.SCFS_suite.Non_Cert_Standards">
    <skipped/>
  </testcase> <!-- SQF_Non_Cert_flow -->
  <system-out/>
  <testcase name="SQF_Non_Cert_flow" time="0.000" classname="nsf.ecap.SCFS_suite.Non_Cert_Standards">
    <skipped/>
  </testcase> <!-- SQF_Non_Cert_flow -->
  <system-out/>
  <testcase name="SQF_Non_Cert_flow" time="0.000" classname="nsf.ecap.SCFS_suite.Non_Cert_Standards">
    <skipped/>
  </testcase> <!-- SQF_Non_Cert_flow -->
  <system-out/>
  <testcase name="SQF_Non_Cert_flow" time="0.000" classname="nsf.ecap.SCFS_suite.Non_Cert_Standards">
    <skipped/>
  </testcase> <!-- SQF_Non_Cert_flow -->
  <system-out/>
  <testcase name="SQF_Non_Cert_flow" time="0.000" classname="nsf.ecap.SCFS_suite.Non_Cert_Standards">
    <skipped/>
  </testcase> <!-- SQF_Non_Cert_flow -->
  <system-out/>
  <testcase name="SQF_Non_Cert_flow" time="0.000" classname="nsf.ecap.SCFS_suite.Non_Cert_Standards">
    <skipped/>
  </testcase> <!-- SQF_Non_Cert_flow -->
  <system-out/>
  <testcase name="SQF_Non_Cert_flow" time="0.000" classname="nsf.ecap.SCFS_suite.Non_Cert_Standards">
    <skipped/>
  </testcase> <!-- SQF_Non_Cert_flow -->
  <system-out/>
  <testcase name="SQF_Non_Cert_flow" time="0.000" classname="nsf.ecap.SCFS_suite.Non_Cert_Standards">
    <skipped/>
  </testcase> <!-- SQF_Non_Cert_flow -->
  <system-out/>
  <testcase name="SQF_Non_Cert_flow" time="0.000" classname="nsf.ecap.SCFS_suite.Non_Cert_Standards">
    <skipped/>
  </testcase> <!-- SQF_Non_Cert_flow -->
  <system-out/>
  <testcase name="SQF_Non_Cert_flow" time="0.000" classname="nsf.ecap.SCFS_suite.Non_Cert_Standards">
    <skipped/>
  </testcase> <!-- SQF_Non_Cert_flow -->
  <system-out/>
  <testcase name="SQF_Non_Cert_flow" time="0.000" classname="nsf.ecap.SCFS_suite.Non_Cert_Standards">
    <skipped/>
  </testcase> <!-- SQF_Non_Cert_flow -->
  <system-out/>
  <testcase name="SQF_Non_Cert_flow" time="0.000" classname="nsf.ecap.SCFS_suite.Non_Cert_Standards">
    <skipped/>
  </testcase> <!-- SQF_Non_Cert_flow -->
  <system-out/>
  <testcase name="SQF_Non_Cert_flow" time="0.000" classname="nsf.ecap.SCFS_suite.Non_Cert_Standards">
    <skipped/>
  </testcase> <!-- SQF_Non_Cert_flow -->
  <system-out/>
  <testcase name="SQF_Non_Cert_flow" time="0.000" classname="nsf.ecap.SCFS_suite.Non_Cert_Standards">
    <skipped/>
  </testcase> <!-- SQF_Non_Cert_flow -->
  <system-out/>
  <testcase name="SQF_Non_Cert_flow" time="0.000" classname="nsf.ecap.SCFS_suite.Non_Cert_Standards">
    <skipped/>
  </testcase> <!-- SQF_Non_Cert_flow -->
  <system-out/>
  <testcase name="SQF_Non_Cert_flow" time="0.000" classname="nsf.ecap.SCFS_suite.Non_Cert_Standards">
    <skipped/>
  </testcase> <!-- SQF_Non_Cert_flow -->
  <system-out/>
  <testcase name="SQF_Non_Cert_flow" time="0.000" classname="nsf.ecap.SCFS_suite.Non_Cert_Standards">
    <skipped/>
  </testcase> <!-- SQF_Non_Cert_flow -->
  <system-out/>
  <testcase name="SQF_Non_Cert_flow" time="0.000" classname="nsf.ecap.SCFS_suite.Non_Cert_Standards">
    <skipped/>
  </testcase> <!-- SQF_Non_Cert_flow -->
  <system-out/>
  <testcase name="SQF_Non_Cert_flow" time="0.000" classname="nsf.ecap.SCFS_suite.Non_Cert_Standards">
    <skipped/>
  </testcase> <!-- SQF_Non_Cert_flow -->
  <system-out/>
  <testcase name="SQF_Non_Cert_flow" time="0.000" classname="nsf.ecap.SCFS_suite.Non_Cert_Standards">
    <skipped/>
  </testcase> <!-- SQF_Non_Cert_flow -->
  <system-out/>
  <testcase name="SQF_Non_Cert_flow" time="0.000" classname="nsf.ecap.SCFS_suite.Non_Cert_Standards">
    <skipped/>
  </testcase> <!-- SQF_Non_Cert_flow -->
  <system-out/>
  <testcase name="SQF_Non_Cert_flow" time="0.000" classname="nsf.ecap.SCFS_suite.Non_Cert_Standards">
    <skipped/>
  </testcase> <!-- SQF_Non_Cert_flow -->
  <system-out/>
  <testcase name="SQF_Non_Cert_flow" time="0.000" classname="nsf.ecap.SCFS_suite.Non_Cert_Standards">
    <skipped/>
  </testcase> <!-- SQF_Non_Cert_flow -->
  <system-out/>
  <testcase name="SQF_Non_Cert_flow" time="0.000" classname="nsf.ecap.SCFS_suite.Non_Cert_Standards">
    <skipped/>
  </testcase> <!-- SQF_Non_Cert_flow -->
  <system-out/>
  <testcase name="SQF_Non_Cert_flow" time="0.000" classname="nsf.ecap.SCFS_suite.Non_Cert_Standards">
    <skipped/>
  </testcase> <!-- SQF_Non_Cert_flow -->
  <system-out/>
  <testcase name="SQF_Non_Cert_flow" time="0.000" classname="nsf.ecap.SCFS_suite.Non_Cert_Standards">
    <skipped/>
  </testcase> <!-- SQF_Non_Cert_flow -->
  <system-out/>
  <testcase name="SQF_Non_Cert_flow" time="0.000" classname="nsf.ecap.SCFS_suite.Non_Cert_Standards">
    <skipped/>
  </testcase> <!-- SQF_Non_Cert_flow -->
  <system-out/>
  <testcase name="SQF_Non_Cert_flow" time="0.000" classname="nsf.ecap.SCFS_suite.Non_Cert_Standards">
    <skipped/>
  </testcase> <!-- SQF_Non_Cert_flow -->
  <system-out/>
  <testcase name="SQF_Non_Cert_flow" time="0.000" classname="nsf.ecap.SCFS_suite.Non_Cert_Standards">
    <skipped/>
  </testcase> <!-- SQF_Non_Cert_flow -->
  <system-out/>
  <testcase name="SQF_Non_Cert_flow" time="0.000" classname="nsf.ecap.SCFS_suite.Non_Cert_Standards">
    <skipped/>
  </testcase> <!-- SQF_Non_Cert_flow -->
  <system-out/>
  <testcase name="SQF_Non_Cert_flow" time="0.000" classname="nsf.ecap.SCFS_suite.Non_Cert_Standards">
    <skipped/>
  </testcase> <!-- SQF_Non_Cert_flow -->
  <system-out/>
  <testcase name="SQF_Non_Cert_flow" time="0.000" classname="nsf.ecap.SCFS_suite.Non_Cert_Standards">
    <skipped/>
  </testcase> <!-- SQF_Non_Cert_flow -->
  <system-out/>
  <testcase name="SQF_Non_Cert_flow" time="0.000" classname="nsf.ecap.SCFS_suite.Non_Cert_Standards">
    <skipped/>
  </testcase> <!-- SQF_Non_Cert_flow -->
  <system-out/>
  <testcase name="SQF_Non_Cert_flow" time="0.000" classname="nsf.ecap.SCFS_suite.Non_Cert_Standards">
    <skipped/>
  </testcase> <!-- SQF_Non_Cert_flow -->
  <system-out/>
  <testcase name="SQF_Non_Cert_flow" time="0.000" classname="nsf.ecap.SCFS_suite.Non_Cert_Standards">
    <skipped/>
  </testcase> <!-- SQF_Non_Cert_flow -->
  <system-out/>
  <testcase name="SQF_Non_Cert_flow" time="0.000" classname="nsf.ecap.SCFS_suite.Non_Cert_Standards">
    <skipped/>
  </testcase> <!-- SQF_Non_Cert_flow -->
  <system-out/>
  <testcase name="SQF_Non_Cert_flow" time="0.000" classname="nsf.ecap.SCFS_suite.Non_Cert_Standards">
    <skipped/>
  </testcase> <!-- SQF_Non_Cert_flow -->
  <system-out/>
  <testcase name="SQF_Non_Cert_flow" time="0.000" classname="nsf.ecap.SCFS_suite.Non_Cert_Standards">
    <skipped/>
  </testcase> <!-- SQF_Non_Cert_flow -->
  <system-out/>
  <testcase name="SQF_Non_Cert_flow" time="0.000" classname="nsf.ecap.SCFS_suite.Non_Cert_Standards">
    <skipped/>
  </testcase> <!-- SQF_Non_Cert_flow -->
  <system-out/>
  <testcase name="SQF_Non_Cert_flow" time="0.000" classname="nsf.ecap.SCFS_suite.Non_Cert_Standards">
    <skipped/>
  </testcase> <!-- SQF_Non_Cert_flow -->
  <system-out/>
  <testcase name="SQF_Non_Cert_flow" time="0.000" classname="nsf.ecap.SCFS_suite.Non_Cert_Standards">
    <skipped/>
  </testcase> <!-- SQF_Non_Cert_flow -->
  <system-out/>
  <testcase name="SQF_Non_Cert_flow" time="0.000" classname="nsf.ecap.SCFS_suite.Non_Cert_Standards">
    <skipped/>
  </testcase> <!-- SQF_Non_Cert_flow -->
  <system-out/>
  <testcase name="SQF_Non_Cert_flow" time="0.000" classname="nsf.ecap.SCFS_suite.Non_Cert_Standards">
    <skipped/>
  </testcase> <!-- SQF_Non_Cert_flow -->
  <system-out/>
  <testcase name="SQF_Non_Cert_flow" time="0.000" classname="nsf.ecap.SCFS_suite.Non_Cert_Standards">
    <skipped/>
  </testcase> <!-- SQF_Non_Cert_flow -->
  <system-out/>
  <testcase name="SQF_Non_Cert_flow" time="0.000" classname="nsf.ecap.SCFS_suite.Non_Cert_Standards">
    <skipped/>
  </testcase> <!-- SQF_Non_Cert_flow -->
  <system-out/>
  <testcase name="SQF_Non_Cert_flow" time="0.000" classname="nsf.ecap.SCFS_suite.Non_Cert_Standards">
    <skipped/>
  </testcase> <!-- SQF_Non_Cert_flow -->
  <system-out/>
  <testcase name="SQF_Non_Cert_flow" time="0.000" classname="nsf.ecap.SCFS_suite.Non_Cert_Standards">
    <skipped/>
  </testcase> <!-- SQF_Non_Cert_flow -->
  <system-out/>
  <testcase name="SQF_Non_Cert_flow" time="0.000" classname="nsf.ecap.SCFS_suite.Non_Cert_Standards">
    <skipped/>
  </testcase> <!-- SQF_Non_Cert_flow -->
  <system-out/>
  <testcase name="SQF_Non_Cert_flow" time="0.000" classname="nsf.ecap.SCFS_suite.Non_Cert_Standards">
    <skipped/>
  </testcase> <!-- SQF_Non_Cert_flow -->
  <system-out/>
  <testcase name="SQF_Non_Cert_flow" time="0.000" classname="nsf.ecap.SCFS_suite.Non_Cert_Standards">
    <skipped/>
  </testcase> <!-- SQF_Non_Cert_flow -->
  <system-out/>
  <testcase name="SQF_Non_Cert_flow" time="0.000" classname="nsf.ecap.SCFS_suite.Non_Cert_Standards">
    <skipped/>
  </testcase> <!-- SQF_Non_Cert_flow -->
  <system-out/>
  <testcase name="SQF_Non_Cert_flow" time="0.000" classname="nsf.ecap.SCFS_suite.Non_Cert_Standards">
    <skipped/>
  </testcase> <!-- SQF_Non_Cert_flow -->
  <system-out/>
  <testcase name="SQF_Non_Cert_flow" time="0.000" classname="nsf.ecap.SCFS_suite.Non_Cert_Standards">
    <skipped/>
  </testcase> <!-- SQF_Non_Cert_flow -->
  <system-out/>
  <testcase name="SQF_Non_Cert_flow" time="0.000" classname="nsf.ecap.SCFS_suite.Non_Cert_Standards">
    <skipped/>
  </testcase> <!-- SQF_Non_Cert_flow -->
  <system-out/>
  <testcase name="SQF_Non_Cert_flow" time="0.000" classname="nsf.ecap.SCFS_suite.Non_Cert_Standards">
    <skipped/>
  </testcase> <!-- SQF_Non_Cert_flow -->
  <system-out/>
  <testcase name="SQF_Non_Cert_flow" time="0.000" classname="nsf.ecap.SCFS_suite.Non_Cert_Standards">
    <skipped/>
  </testcase> <!-- SQF_Non_Cert_flow -->
  <system-out/>
  <testcase name="SQF_Non_Cert_flow" time="0.000" classname="nsf.ecap.SCFS_suite.Non_Cert_Standards">
    <skipped/>
  </testcase> <!-- SQF_Non_Cert_flow -->
  <system-out/>
  <testcase name="SQF_Non_Cert_flow" time="0.000" classname="nsf.ecap.SCFS_suite.Non_Cert_Standards">
    <skipped/>
  </testcase> <!-- SQF_Non_Cert_flow -->
  <system-out/>
  <testcase name="SQF_Non_Cert_flow" time="0.000" classname="nsf.ecap.SCFS_suite.Non_Cert_Standards">
    <skipped/>
  </testcase> <!-- SQF_Non_Cert_flow -->
  <system-out/>
  <testcase name="SQF_Non_Cert_flow" time="0.000" classname="nsf.ecap.SCFS_suite.Non_Cert_Standards">
    <skipped/>
  </testcase> <!-- SQF_Non_Cert_flow -->
  <system-out/>
  <testcase name="SQF_Non_Cert_flow" time="0.000" classname="nsf.ecap.SCFS_suite.Non_Cert_Standards">
    <skipped/>
  </testcase> <!-- SQF_Non_Cert_flow -->
  <system-out/>
  <testcase name="SQF_Non_Cert_flow" time="0.000" classname="nsf.ecap.SCFS_suite.Non_Cert_Standards">
    <skipped/>
  </testcase> <!-- SQF_Non_Cert_flow -->
  <system-out/>
  <testcase name="SQF_Non_Cert_flow" time="0.000" classname="nsf.ecap.SCFS_suite.Non_Cert_Standards">
    <skipped/>
  </testcase> <!-- SQF_Non_Cert_flow -->
  <system-out/>
  <testcase name="SQF_Non_Cert_flow" time="0.000" classname="nsf.ecap.SCFS_suite.Non_Cert_Standards">
    <skipped/>
  </testcase> <!-- SQF_Non_Cert_flow -->
  <system-out/>
  <testcase name="SQF_Non_Cert_flow" time="0.000" classname="nsf.ecap.SCFS_suite.Non_Cert_Standards">
    <skipped/>
  </testcase> <!-- SQF_Non_Cert_flow -->
  <system-out/>
  <testcase name="SQF_Non_Cert_flow" time="0.000" classname="nsf.ecap.SCFS_suite.Non_Cert_Standards">
    <skipped/>
  </testcase> <!-- SQF_Non_Cert_flow -->
  <system-out/>
  <testcase name="SQF_Non_Cert_flow" time="0.000" classname="nsf.ecap.SCFS_suite.Non_Cert_Standards">
    <skipped/>
  </testcase> <!-- SQF_Non_Cert_flow -->
  <system-out/>
  <testcase name="SQF_Non_Cert_flow" time="0.000" classname="nsf.ecap.SCFS_suite.Non_Cert_Standards">
    <skipped/>
  </testcase> <!-- SQF_Non_Cert_flow -->
  <system-out/>
  <testcase name="SQF_Non_Cert_flow" time="0.000" classname="nsf.ecap.SCFS_suite.Non_Cert_Standards">
    <skipped/>
  </testcase> <!-- SQF_Non_Cert_flow -->
  <system-out/>
  <testcase name="SQF_Non_Cert_flow" time="0.000" classname="nsf.ecap.SCFS_suite.Non_Cert_Standards">
    <skipped/>
  </testcase> <!-- SQF_Non_Cert_flow -->
  <system-out/>
  <testcase name="SQF_Non_Cert_flow" time="0.000" classname="nsf.ecap.SCFS_suite.Non_Cert_Standards">
    <skipped/>
  </testcase> <!-- SQF_Non_Cert_flow -->
  <system-out/>
  <testcase name="SQF_Non_Cert_flow" time="0.000" classname="nsf.ecap.SCFS_suite.Non_Cert_Standards">
    <skipped/>
  </testcase> <!-- SQF_Non_Cert_flow -->
  <system-out/>
  <testcase name="SQF_Non_Cert_flow" time="0.000" classname="nsf.ecap.SCFS_suite.Non_Cert_Standards">
    <skipped/>
  </testcase> <!-- SQF_Non_Cert_flow -->
  <system-out/>
  <testcase name="SQF_Non_Cert_flow" time="0.000" classname="nsf.ecap.SCFS_suite.Non_Cert_Standards">
    <skipped/>
  </testcase> <!-- SQF_Non_Cert_flow -->
  <system-out/>
  <testcase name="SQF_Non_Cert_flow" time="0.000" classname="nsf.ecap.SCFS_suite.Non_Cert_Standards">
    <skipped/>
  </testcase> <!-- SQF_Non_Cert_flow -->
  <system-out/>
  <testcase name="SQF_Non_Cert_flow" time="0.000" classname="nsf.ecap.SCFS_suite.Non_Cert_Standards">
    <skipped/>
  </testcase> <!-- SQF_Non_Cert_flow -->
  <system-out/>
  <testcase name="SQF_Non_Cert_flow" time="0.000" classname="nsf.ecap.SCFS_suite.Non_Cert_Standards">
    <skipped/>
  </testcase> <!-- SQF_Non_Cert_flow -->
  <system-out/>
  <testcase name="SQF_Non_Cert_flow" time="0.000" classname="nsf.ecap.SCFS_suite.Non_Cert_Standards">
    <skipped/>
  </testcase> <!-- SQF_Non_Cert_flow -->
  <system-out/>
  <testcase name="SQF_Non_Cert_flow" time="0.000" classname="nsf.ecap.SCFS_suite.Non_Cert_Standards">
    <skipped/>
  </testcase> <!-- SQF_Non_Cert_flow -->
  <system-out/>
  <testcase name="SQF_Non_Cert_flow" time="0.000" classname="nsf.ecap.SCFS_suite.Non_Cert_Standards">
    <skipped/>
  </testcase> <!-- SQF_Non_Cert_flow -->
  <system-out/>
  <testcase name="SQF_Non_Cert_flow" time="0.000" classname="nsf.ecap.SCFS_suite.Non_Cert_Standards">
    <skipped/>
  </testcase> <!-- SQF_Non_Cert_flow -->
  <system-out/>
  <testcase name="SQF_Non_Cert_flow" time="0.000" classname="nsf.ecap.SCFS_suite.Non_Cert_Standards">
    <skipped/>
  </testcase> <!-- SQF_Non_Cert_flow -->
  <system-out/>
  <testcase name="SQF_Non_Cert_flow" time="0.000" classname="nsf.ecap.SCFS_suite.Non_Cert_Standards">
    <skipped/>
  </testcase> <!-- SQF_Non_Cert_flow -->
  <system-out/>
  <testcase name="SQF_Non_Cert_flow" time="0.000" classname="nsf.ecap.SCFS_suite.Non_Cert_Standards">
    <skipped/>
  </testcase> <!-- SQF_Non_Cert_flow -->
  <system-out/>
  <testcase name="SQF_Non_Cert_flow" time="0.000" classname="nsf.ecap.SCFS_suite.Non_Cert_Standards">
    <skipped/>
  </testcase> <!-- SQF_Non_Cert_flow -->
  <system-out/>
  <testcase name="SQF_Non_Cert_flow" time="0.000" classname="nsf.ecap.SCFS_suite.Non_Cert_Standards">
    <skipped/>
  </testcase> <!-- SQF_Non_Cert_flow -->
  <system-out/>
  <testcase name="SQF_Non_Cert_flow" time="0.000" classname="nsf.ecap.SCFS_suite.Non_Cert_Standards">
    <skipped/>
  </testcase> <!-- SQF_Non_Cert_flow -->
  <system-out/>
  <testcase name="SQF_Non_Cert_flow" time="0.000" classname="nsf.ecap.SCFS_suite.Non_Cert_Standards">
    <skipped/>
  </testcase> <!-- SQF_Non_Cert_flow -->
  <system-out/>
  <testcase name="SQF_Non_Cert_flow" time="0.000" classname="nsf.ecap.SCFS_suite.Non_Cert_Standards">
    <skipped/>
  </testcase> <!-- SQF_Non_Cert_flow -->
  <system-out/>
</testsuite> <!-- nsf.ecap.SCFS_suite.Non_Cert_Standards -->
