<?xml version="1.0" encoding="UTF-8"?>
<!-- Generated by org.testng.reporters.JUnitReportReporter -->
<testsuite skipped="3" hostname="INDEL-L-4B3JDM3" name="nsf.ecap.Invoice_Function_suite.Create_Invoice" tests="3" failures="0" timestamp="2022-07-25T13:56:14 IST" time="0.000" errors="0">
  <testcase name="Create_InvoiceFlow" time="0.000" classname="nsf.ecap.Invoice_Function_suite.Create_Invoice">
    <skipped/>
  </testcase> <!-- Create_InvoiceFlow -->
  <system-out/>
  <testcase name="Create_InvoiceFlow" time="0.000" classname="nsf.ecap.Invoice_Function_suite.Create_Invoice">
    <skipped/>
  </testcase> <!-- Create_InvoiceFlow -->
  <system-out/>
  <testcase name="Create_InvoiceFlow" time="0.000" classname="nsf.ecap.Invoice_Function_suite.Create_Invoice">
    <skipped/>
  </testcase> <!-- Create_InvoiceFlow -->
  <system-out/>
</testsuite> <!-- nsf.ecap.Invoice_Function_suite.Create_Invoice -->
