<?xml version="1.0" encoding="UTF-8"?>
<!-- Generated by org.testng.reporters.JUnitReportReporter -->
<testsuite skipped="1" hostname="INDEL-L-4B3JDM3" name="nsf.ecap.Proposals_suite.Proposal_Won" tests="1" failures="0" timestamp="2022-07-25T13:56:13 IST" time="0.000" errors="0">
  <testcase name="Proposal_flow" time="0.000" classname="nsf.ecap.Proposals_suite.Proposal_Won">
    <skipped/>
  </testcase> <!-- Proposal_flow -->
  <system-out/>
</testsuite> <!-- nsf.ecap.Proposals_suite.Proposal_Won -->
