<?xml version="1.0" encoding="UTF-8"?>
<!-- Generated by org.testng.reporters.JUnitReportReporter -->
<testsuite skipped="15" hostname="INDEL-L-4B3JDM3" name="nsf.ecap.IssueMgt_Suite.Escalation_PRQ_8Issues_Scenario2" tests="15" failures="0" timestamp="2022-07-25T13:56:13 IST" time="0.000" errors="0">
  <testcase name="Launch_Browser_and_Successfully_Login_into_the_Application" time="0.000" classname="nsf.ecap.IssueMgt_Suite.Escalation_PRQ_8Issues_Scenario2">
    <skipped/>
  </testcase> <!-- Launch_Browser_and_Successfully_Login_into_the_Application -->
  <system-out/>
  <testcase name="Escalation_PRQ_FirstIssue_Green" time="0.000" classname="nsf.ecap.IssueMgt_Suite.Escalation_PRQ_8Issues_Scenario2">
    <skipped/>
  </testcase> <!-- Escalation_PRQ_FirstIssue_Green -->
  <system-out/>
  <testcase name="Escalation_PRQ_SecondIssue_Amber" time="0.000" classname="nsf.ecap.IssueMgt_Suite.Escalation_PRQ_8Issues_Scenario2">
    <skipped/>
  </testcase> <!-- Escalation_PRQ_SecondIssue_Amber -->
  <system-out/>
  <testcase name="Escalation_PRQ_ThirdIssue_Amber" time="0.000" classname="nsf.ecap.IssueMgt_Suite.Escalation_PRQ_8Issues_Scenario2">
    <skipped/>
  </testcase> <!-- Escalation_PRQ_ThirdIssue_Amber -->
  <system-out/>
  <testcase name="Escalation_PRQ_FourthIssue_Amber" time="0.000" classname="nsf.ecap.IssueMgt_Suite.Escalation_PRQ_8Issues_Scenario2">
    <skipped/>
  </testcase> <!-- Escalation_PRQ_FourthIssue_Amber -->
  <system-out/>
  <testcase name="Escalation_PRQ_FifthIssue_Amber" time="0.000" classname="nsf.ecap.IssueMgt_Suite.Escalation_PRQ_8Issues_Scenario2">
    <skipped/>
  </testcase> <!-- Escalation_PRQ_FifthIssue_Amber -->
  <system-out/>
  <testcase name="Escalation_PRQ_SixthIssue_Amber" time="0.000" classname="nsf.ecap.IssueMgt_Suite.Escalation_PRQ_8Issues_Scenario2">
    <skipped/>
  </testcase> <!-- Escalation_PRQ_SixthIssue_Amber -->
  <system-out/>
  <testcase name="Escalation_PRQ_SeventhIssue_Amber" time="0.000" classname="nsf.ecap.IssueMgt_Suite.Escalation_PRQ_8Issues_Scenario2">
    <skipped/>
  </testcase> <!-- Escalation_PRQ_SeventhIssue_Amber -->
  <system-out/>
  <testcase name="Escalation_PRQ_EighthIssue_Red" time="0.000" classname="nsf.ecap.IssueMgt_Suite.Escalation_PRQ_8Issues_Scenario2">
    <skipped/>
  </testcase> <!-- Escalation_PRQ_EighthIssue_Red -->
  <system-out/>
  <testcase name="Escalation_PRQ_Generated_With_8_Issues" time="0.000" classname="nsf.ecap.IssueMgt_Suite.Escalation_PRQ_8Issues_Scenario2">
    <skipped/>
  </testcase> <!-- Escalation_PRQ_Generated_With_8_Issues -->
  <system-out/>
  <testcase name="Escalation_PRQ_Edit_01DEC_DateIssueSubType_Verify_Escalation_Dismantled" time="0.000" classname="nsf.ecap.IssueMgt_Suite.Escalation_PRQ_8Issues_Scenario2">
    <skipped/>
  </testcase> <!-- Escalation_PRQ_Edit_01DEC_DateIssueSubType_Verify_Escalation_Dismantled -->
  <system-out/>
  <testcase name="Escalation_Verify_color_of_01DEC_20DEC_01JAN_issues" time="0.000" classname="nsf.ecap.IssueMgt_Suite.Escalation_PRQ_8Issues_Scenario2">
    <skipped/>
  </testcase> <!-- Escalation_Verify_color_of_01DEC_20DEC_01JAN_issues -->
  <system-out/>
  <testcase name="Escalation_PRQ_Edit_01DEC_DateIssueSubType_BackToOriginal_and_Verify_8Issues_Exists_into_Escalation" time="0.000" classname="nsf.ecap.IssueMgt_Suite.Escalation_PRQ_8Issues_Scenario2">
    <skipped/>
  </testcase> <!-- Escalation_PRQ_Edit_01DEC_DateIssueSubType_BackToOriginal_and_Verify_8Issues_Exists_into_Escalation -->
  <system-out/>
  <testcase name="Escalation_EditEscalation_Change_status_InitialRecord_to_SatisfactoryClosure" time="0.000" classname="nsf.ecap.IssueMgt_Suite.Escalation_PRQ_8Issues_Scenario2">
    <skipped/>
  </testcase> <!-- Escalation_EditEscalation_Change_status_InitialRecord_to_SatisfactoryClosure -->
  <system-out/>
  <testcase name="Escalation_Verify_AllIssuesClosed_As_EscalationClosed" time="0.000" classname="nsf.ecap.IssueMgt_Suite.Escalation_PRQ_8Issues_Scenario2">
    <skipped/>
  </testcase> <!-- Escalation_Verify_AllIssuesClosed_As_EscalationClosed -->
  <system-out/>
</testsuite> <!-- nsf.ecap.IssueMgt_Suite.Escalation_PRQ_8Issues_Scenario2 -->
