<?xml version="1.0" encoding="UTF-8"?>
<!-- Generated by org.testng.reporters.JUnitReportReporter -->
<testsuite skipped="15" hostname="INDEL-L-4B3JDM3" name="nsf.ecap.IssueMgt_Suite.Escalation_PRQ_DeleteIssue" tests="15" failures="0" timestamp="2022-07-25T13:56:14 IST" time="0.000" errors="0">
  <testcase name="Launch_Browser_and_Successfully_Login_into_the_Application" time="0.000" classname="nsf.ecap.IssueMgt_Suite.Escalation_PRQ_DeleteIssue">
    <skipped/>
  </testcase> <!-- Launch_Browser_and_Successfully_Login_into_the_Application -->
  <system-out/>
  <testcase name="Escalation_PRQ_FirstIssue_Green" time="0.000" classname="nsf.ecap.IssueMgt_Suite.Escalation_PRQ_DeleteIssue">
    <skipped/>
  </testcase> <!-- Escalation_PRQ_FirstIssue_Green -->
  <system-out/>
  <testcase name="Check_Alert_FoodIssuesUnassigned" time="0.000" classname="nsf.ecap.IssueMgt_Suite.Escalation_PRQ_DeleteIssue">
    <skipped/>
  </testcase> <!-- Check_Alert_FoodIssuesUnassigned -->
  <system-out/>
  <testcase name="DeleteIssue_ClickOn_DeleteThisIssueBttn_and_VerifyDialogBoxOpen" time="0.000" classname="nsf.ecap.IssueMgt_Suite.Escalation_PRQ_DeleteIssue">
    <skipped/>
  </testcase> <!-- DeleteIssue_ClickOn_DeleteThisIssueBttn_and_VerifyDialogBoxOpen -->
  <system-out/>
  <testcase name="DeleteIssue_YesDeleteBttn_of_DialogBox_WithOutReasonText_andVerify_ValidationMsg" time="0.000" classname="nsf.ecap.IssueMgt_Suite.Escalation_PRQ_DeleteIssue">
    <skipped/>
  </testcase> <!-- DeleteIssue_YesDeleteBttn_of_DialogBox_WithOutReasonText_andVerify_ValidationMsg -->
  <system-out/>
  <testcase name="DeleteIssue_ClickOnCancelBttn_Verify_DialogBoxClose" time="0.000" classname="nsf.ecap.IssueMgt_Suite.Escalation_PRQ_DeleteIssue">
    <skipped/>
  </testcase> <!-- DeleteIssue_ClickOnCancelBttn_Verify_DialogBoxClose -->
  <system-out/>
  <testcase name="DeleteIssue_OpenDialogBox_EnterTextIntoReasonTextField_ClickOnYesDeleteBttn_and_VerifyIssueDeleted" time="0.000" classname="nsf.ecap.IssueMgt_Suite.Escalation_PRQ_DeleteIssue">
    <skipped/>
  </testcase> <!-- DeleteIssue_OpenDialogBox_EnterTextIntoReasonTextField_ClickOnYesDeleteBttn_and_VerifyIssueDeleted -->
  <system-out/>
  <testcase name="Escalation_PRQ_DeleteIssue_FirstIssue_Green" time="0.000" classname="nsf.ecap.IssueMgt_Suite.Escalation_PRQ_DeleteIssue">
    <skipped/>
  </testcase> <!-- Escalation_PRQ_DeleteIssue_FirstIssue_Green -->
  <system-out/>
  <testcase name="Escalation_PRQ_DeleteIssue_SecondIssue_Amber" time="0.000" classname="nsf.ecap.IssueMgt_Suite.Escalation_PRQ_DeleteIssue">
    <skipped/>
  </testcase> <!-- Escalation_PRQ_DeleteIssue_SecondIssue_Amber -->
  <system-out/>
  <testcase name="Escalation_PRQ_DeleteIssue_ThirdIssue_Red" time="0.000" classname="nsf.ecap.IssueMgt_Suite.Escalation_PRQ_DeleteIssue">
    <skipped/>
  </testcase> <!-- Escalation_PRQ_DeleteIssue_ThirdIssue_Red -->
  <system-out/>
  <testcase name="Escalation_PRQ_DeleteIssue_Generated_With_3_Issues" time="0.000" classname="nsf.ecap.IssueMgt_Suite.Escalation_PRQ_DeleteIssue">
    <skipped/>
  </testcase> <!-- Escalation_PRQ_DeleteIssue_Generated_With_3_Issues -->
  <system-out/>
  <testcase name="EditEsc_OpenAndDeleteEscFirstIssue_and_VerifyAfterIssueDelete_PageRedirectToViewEscPage" time="0.000" classname="nsf.ecap.IssueMgt_Suite.Escalation_PRQ_DeleteIssue">
    <skipped/>
  </testcase> <!-- EditEsc_OpenAndDeleteEscFirstIssue_and_VerifyAfterIssueDelete_PageRedirectToViewEscPage -->
  <system-out/>
  <testcase name="EditEsc_Verify_EsclationDismentled_and_VerifyCorrectAuditTrailEntry_thenVerify_OtherTwoIssuesColor" time="0.000" classname="nsf.ecap.IssueMgt_Suite.Escalation_PRQ_DeleteIssue">
    <skipped/>
  </testcase> <!-- EditEsc_Verify_EsclationDismentled_and_VerifyCorrectAuditTrailEntry_thenVerify_OtherTwoIssuesColor -->
  <system-out/>
  <testcase name="Escalation_PRQ_CreateNewIssue_WithSameFirstIssueGreenDetails_and_Verify_EscReGenerates_IncludingOldTwoIssues" time="0.000" classname="nsf.ecap.IssueMgt_Suite.Escalation_PRQ_DeleteIssue">
    <skipped/>
  </testcase> <!-- Escalation_PRQ_CreateNewIssue_WithSameFirstIssueGreenDetails_and_Verify_EscReGenerates_IncludingOldTwoIssues -->
  <system-out/>
  <testcase name="EditEsc_CloseEscalation_and_Verify_AllIssueIdsClosed" time="0.000" classname="nsf.ecap.IssueMgt_Suite.Escalation_PRQ_DeleteIssue">
    <skipped/>
  </testcase> <!-- EditEsc_CloseEscalation_and_Verify_AllIssueIdsClosed -->
  <system-out/>
</testsuite> <!-- nsf.ecap.IssueMgt_Suite.Escalation_PRQ_DeleteIssue -->
