<?xml version="1.0" encoding="UTF-8"?>
<!-- Generated by org.testng.reporters.JUnitReportReporter -->
<testsuite skipped="8" hostname="INDEL-L-4B3JDM3" name="nsf.ecap.Agriculture_suite.Create_Membership" tests="8" failures="0" timestamp="2022-07-25T13:56:13 IST" time="0.000" errors="0">
  <testcase name="Create" time="0.000" classname="nsf.ecap.Agriculture_suite.Create_Membership">
    <skipped/>
  </testcase> <!-- Create -->
  <system-out/>
  <testcase name="Sites_Tab" time="0.000" classname="nsf.ecap.Agriculture_suite.Create_Membership">
    <skipped/>
  </testcase> <!-- Sites_Tab -->
  <system-out/>
  <testcase name="Contacts_Tab" time="0.000" classname="nsf.ecap.Agriculture_suite.Create_Membership">
    <skipped/>
  </testcase> <!-- Contacts_Tab -->
  <system-out/>
  <testcase name="Products_Coverage_Tab" time="0.000" classname="nsf.ecap.Agriculture_suite.Create_Membership">
    <skipped/>
  </testcase> <!-- Products_Coverage_Tab -->
  <system-out/>
  <testcase name="Services_Tab" time="0.000" classname="nsf.ecap.Agriculture_suite.Create_Membership">
    <skipped/>
  </testcase> <!-- Services_Tab -->
  <system-out/>
  <testcase name="Equipment_Tab" time="0.000" classname="nsf.ecap.Agriculture_suite.Create_Membership">
    <skipped/>
  </testcase> <!-- Equipment_Tab -->
  <system-out/>
  <testcase name="Additional_Info_Tab" time="0.000" classname="nsf.ecap.Agriculture_suite.Create_Membership">
    <skipped/>
  </testcase> <!-- Additional_Info_Tab -->
  <system-out/>
  <testcase name="Membership_Submission" time="0.000" classname="nsf.ecap.Agriculture_suite.Create_Membership">
    <skipped/>
  </testcase> <!-- Membership_Submission -->
  <system-out/>
</testsuite> <!-- nsf.ecap.Agriculture_suite.Create_Membership -->
