<?xml version="1.0" encoding="UTF-8"?>
<!-- Generated by org.testng.reporters.JUnitReportReporter -->
<testsuite skipped="5" hostname="INDEL-L-4B3JDM3" name="nsf.ecap.New_NSFOnline_Suite.BS_37_IM_Integration_Test" tests="5" failures="0" timestamp="2022-07-25T13:56:13 IST" time="0.000" errors="0">
  <testcase name="NsfConnect_Launch_Browser_and_Login_WithUser_IntoThe_Application" time="0.000" classname="nsf.ecap.New_NSFOnline_Suite.BS_37_IM_Integration_Test">
    <skipped/>
  </testcase> <!-- NsfConnect_Launch_Browser_and_Login_WithUser_IntoThe_Application -->
  <system-out/>
  <testcase name="NsfConnect_Create_Issue" time="0.000" classname="nsf.ecap.New_NSFOnline_Suite.BS_37_IM_Integration_Test">
    <skipped/>
  </testcase> <!-- NsfConnect_Create_Issue -->
  <system-out/>
  <testcase name="NsfConnect_OpenNewlyCreatedIssue_AndVerify_AllTheDataDisplayed_IntoThe_EditAndViewMode" time="0.000" classname="nsf.ecap.New_NSFOnline_Suite.BS_37_IM_Integration_Test">
    <skipped/>
  </testcase> <!-- NsfConnect_OpenNewlyCreatedIssue_AndVerify_AllTheDataDisplayed_IntoThe_EditAndViewMode -->
  <system-out/>
  <testcase name="IPulse_LoginIntoTheIpulse_VerifyAllSavedDataRetrieved_UpdateSuccessfully" time="0.000" classname="nsf.ecap.New_NSFOnline_Suite.BS_37_IM_Integration_Test">
    <skipped/>
  </testcase> <!-- IPulse_LoginIntoTheIpulse_VerifyAllSavedDataRetrieved_UpdateSuccessfully -->
  <system-out/>
  <testcase name="NsfConnect_LoginIntoNsfConnect_VerifyAllSavedDataRetrieved_Successfully" time="0.000" classname="nsf.ecap.New_NSFOnline_Suite.BS_37_IM_Integration_Test">
    <skipped/>
  </testcase> <!-- NsfConnect_LoginIntoNsfConnect_VerifyAllSavedDataRetrieved_Successfully -->
  <system-out/>
</testsuite> <!-- nsf.ecap.New_NSFOnline_Suite.BS_37_IM_Integration_Test -->
