<?xml version="1.0" encoding="UTF-8"?>
<!-- Generated by org.testng.reporters.JUnitReportReporter -->
<testsuite skipped="10" hostname="INDEL-L-4B3JDM3" name="nsf.ecap.MonitorPlan_Suite.CreateActiveMonitorPlan" tests="10" failures="0" timestamp="2022-07-25T13:56:13 IST" time="0.000" errors="0">
  <testcase name="DB_ProcedureLaunch_ToClose_DraftMonitorPlan" time="0.000" classname="nsf.ecap.MonitorPlan_Suite.CreateActiveMonitorPlan">
    <skipped/>
  </testcase> <!-- DB_ProcedureLaunch_ToClose_DraftMonitorPlan -->
  <system-out/>
  <testcase name="Launch_Browser_and_Successfully_Login_into_the_Application" time="0.000" classname="nsf.ecap.MonitorPlan_Suite.CreateActiveMonitorPlan">
    <skipped/>
  </testcase> <!-- Launch_Browser_and_Successfully_Login_into_the_Application -->
  <system-out/>
  <testcase name="SearchWorkOrder_for_Facility_36440_InDraftStatus_IfAnyThen_DropIt" time="0.000" classname="nsf.ecap.MonitorPlan_Suite.CreateActiveMonitorPlan">
    <skipped/>
  </testcase> <!-- SearchWorkOrder_for_Facility_36440_InDraftStatus_IfAnyThen_DropIt -->
  <system-out/>
  <testcase name="CreateMonitorPlan_Verify_NewMonitorPlanCreated_and_inDraftStatus" time="0.000" classname="nsf.ecap.MonitorPlan_Suite.CreateActiveMonitorPlan">
    <skipped/>
  </testcase> <!-- CreateMonitorPlan_Verify_NewMonitorPlanCreated_and_inDraftStatus -->
  <system-out/>
  <testcase name="EditMonitorPlan_Verify_TasksTab_DataUpdatedSccessfully" time="0.000" classname="nsf.ecap.MonitorPlan_Suite.CreateActiveMonitorPlan">
    <skipped/>
  </testcase> <!-- EditMonitorPlan_Verify_TasksTab_DataUpdatedSccessfully -->
  <system-out/>
  <testcase name="EditMonitorPlan_Verify_TestingTasksTab_and_EPSF_DataUpdatedSccessfully" time="0.000" classname="nsf.ecap.MonitorPlan_Suite.CreateActiveMonitorPlan">
    <skipped/>
  </testcase> <!-- EditMonitorPlan_Verify_TestingTasksTab_and_EPSF_DataUpdatedSccessfully -->
  <system-out/>
  <testcase name="EditMonitorPlan_Verify_InfoTab_DataUpdatedSccessfully" time="0.000" classname="nsf.ecap.MonitorPlan_Suite.CreateActiveMonitorPlan">
    <skipped/>
  </testcase> <!-- EditMonitorPlan_Verify_InfoTab_DataUpdatedSccessfully -->
  <system-out/>
  <testcase name="EditMonitorPlan_Verify_SnapshotTab_DataUpdatedSccessfully" time="0.000" classname="nsf.ecap.MonitorPlan_Suite.CreateActiveMonitorPlan">
    <skipped/>
  </testcase> <!-- EditMonitorPlan_Verify_SnapshotTab_DataUpdatedSccessfully -->
  <system-out/>
  <testcase name="EditMonitorPlan_Verify_MonitorPlanSavedData_CorrectlyDisplay_in_WorkOrderTaskTab" time="0.000" classname="nsf.ecap.MonitorPlan_Suite.CreateActiveMonitorPlan">
    <skipped/>
  </testcase> <!-- EditMonitorPlan_Verify_MonitorPlanSavedData_CorrectlyDisplay_in_WorkOrderTaskTab -->
  <system-out/>
  <testcase name="EditMonitorPlan_Verify_WorkOrder_Drop_Successfully" time="0.000" classname="nsf.ecap.MonitorPlan_Suite.CreateActiveMonitorPlan">
    <skipped/>
  </testcase> <!-- EditMonitorPlan_Verify_WorkOrder_Drop_Successfully -->
  <system-out/>
</testsuite> <!-- nsf.ecap.MonitorPlan_Suite.CreateActiveMonitorPlan -->
