<?xml version="1.0" encoding="UTF-8"?>
<!-- Generated by org.testng.reporters.JUnitReportReporter -->
<testsuite skipped="2" hostname="INDEL-L-4B3JDM3" name="nsf.ecap.New_NSFOnline_Suite.BS_22_Requalification" tests="2" failures="0" timestamp="2022-07-25T13:56:13 IST" time="0.000" errors="0">
  <testcase name="Launch_Browser_and_Successfully_Login_into_the_Application" time="0.000" classname="nsf.ecap.New_NSFOnline_Suite.BS_22_Requalification">
    <skipped/>
  </testcase> <!-- Launch_Browser_and_Successfully_Login_into_the_Application -->
  <system-out/>
  <testcase name="Create_Edit_and_Delete_View_and_OpenCertificationNumber_under_Requalification" time="0.000" classname="nsf.ecap.New_NSFOnline_Suite.BS_22_Requalification">
    <skipped/>
  </testcase> <!-- Create_Edit_and_Delete_View_and_OpenCertificationNumber_under_Requalification -->
  <system-out/>
</testsuite> <!-- nsf.ecap.New_NSFOnline_Suite.BS_22_Requalification -->
