<?xml version="1.0" encoding="UTF-8"?>
<!-- Generated by org.testng.reporters.JUnitReportReporter -->
<testsuite skipped="8" hostname="INDEL-L-4B3JDM3" name="nsf.ecap.Generic_suite.Basic_Search_Functionality" tests="8" failures="0" timestamp="2022-07-25T13:56:13 IST" time="0.000" errors="0">
  <testcase name="Search_WorkOrder" time="0.000" classname="nsf.ecap.Generic_suite.Basic_Search_Functionality">
    <skipped/>
  </testcase> <!-- Search_WorkOrder -->
  <system-out/>
  <testcase name="Search_Task" time="0.000" classname="nsf.ecap.Generic_suite.Basic_Search_Functionality">
    <skipped/>
  </testcase> <!-- Search_Task -->
  <system-out/>
  <testcase name="Search_Client" time="0.000" classname="nsf.ecap.Generic_suite.Basic_Search_Functionality">
    <skipped/>
  </testcase> <!-- Search_Client -->
  <system-out/>
  <testcase name="Search_Resource" time="0.000" classname="nsf.ecap.Generic_suite.Basic_Search_Functionality">
    <skipped/>
  </testcase> <!-- Search_Resource -->
  <system-out/>
  <testcase name="Search_EPSF" time="0.000" classname="nsf.ecap.Generic_suite.Basic_Search_Functionality">
    <skipped/>
  </testcase> <!-- Search_EPSF -->
  <system-out/>
  <testcase name="Search_Issue" time="0.000" classname="nsf.ecap.Generic_suite.Basic_Search_Functionality">
    <skipped/>
  </testcase> <!-- Search_Issue -->
  <system-out/>
  <testcase name="Search_Escalation" time="0.000" classname="nsf.ecap.Generic_suite.Basic_Search_Functionality">
    <skipped/>
  </testcase> <!-- Search_Escalation -->
  <system-out/>
  <testcase name="Search_Monitor_Plan" time="0.000" classname="nsf.ecap.Generic_suite.Basic_Search_Functionality">
    <skipped/>
  </testcase> <!-- Search_Monitor_Plan -->
  <system-out/>
</testsuite> <!-- nsf.ecap.Generic_suite.Basic_Search_Functionality -->
