<?xml version="1.0" encoding="UTF-8"?>
<!-- Generated by org.testng.reporters.JUnitReportReporter -->
<testsuite skipped="2" hostname="INDEL-L-4B3JDM3" name="nsf.ecap.New_NSFOnline_Suite.BS_34_Audit_CA" tests="2" failures="0" timestamp="2022-07-25T13:56:13 IST" time="0.000" errors="0">
  <testcase name="Launch_Browser_and_Successfully_Login_into_the_Application" time="0.000" classname="nsf.ecap.New_NSFOnline_Suite.BS_34_Audit_CA">
    <skipped/>
  </testcase> <!-- Launch_Browser_and_Successfully_Login_into_the_Application -->
  <system-out/>
  <testcase name="Verify_Submit_Approve_Reject_of_Audit_Corrective_Action" time="0.000" classname="nsf.ecap.New_NSFOnline_Suite.BS_34_Audit_CA">
    <skipped/>
  </testcase> <!-- Verify_Submit_Approve_Reject_of_Audit_Corrective_Action -->
  <system-out/>
</testsuite> <!-- nsf.ecap.New_NSFOnline_Suite.BS_34_Audit_CA -->
