<?xml version="1.0" encoding="UTF-8"?>
<!-- Generated by org.testng.reporters.JUnitReportReporter -->
<testsuite skipped="10" hostname="INDEL-L-4B3JDM3" name="nsf.ecap.IssueMgt_Suite.CreateEscalation_AFP" tests="10" failures="0" timestamp="2022-07-25T13:56:13 IST" time="0.003" errors="0">
  <testcase name="Launch_Browser_and_Successfully_Login_into_the_Application" time="0.000" classname="nsf.ecap.IssueMgt_Suite.CreateEscalation_AFP">
    <skipped/>
  </testcase> <!-- Launch_Browser_and_Successfully_Login_into_the_Application -->
  <system-out/>
  <testcase name="Escalation_AFP_FirstIssue_Black" time="0.003" classname="nsf.ecap.IssueMgt_Suite.CreateEscalation_AFP">
    <skipped/>
  </testcase> <!-- Escalation_AFP_FirstIssue_Black -->
  <system-out/>
  <testcase name="Escalation_AFP_Verify_ColorBecome_AMBER_When_NoOfPeopleSick_2" time="0.000" classname="nsf.ecap.IssueMgt_Suite.CreateEscalation_AFP">
    <skipped/>
  </testcase> <!-- Escalation_AFP_Verify_ColorBecome_AMBER_When_NoOfPeopleSick_2 -->
  <system-out/>
  <testcase name="Escalation_AFP_Verify_ColorBecome_RED_When_NoOfPeopleSick_3" time="0.000" classname="nsf.ecap.IssueMgt_Suite.CreateEscalation_AFP">
    <skipped/>
  </testcase> <!-- Escalation_AFP_Verify_ColorBecome_RED_When_NoOfPeopleSick_3 -->
  <system-out/>
  <testcase name="Escalation_AFP_Verify_Escalation_Generated_and_Alerts_VERIFY" time="0.000" classname="nsf.ecap.IssueMgt_Suite.CreateEscalation_AFP">
    <skipped/>
  </testcase> <!-- Escalation_AFP_Verify_Escalation_Generated_and_Alerts_VERIFY -->
  <system-out/>
  <testcase name="Escalation_EditEscalation_ClickOn_AssignToMe_Button_andThen_Alerts_Verify" time="0.000" classname="nsf.ecap.IssueMgt_Suite.CreateEscalation_AFP">
    <skipped/>
  </testcase> <!-- Escalation_EditEscalation_ClickOn_AssignToMe_Button_andThen_Alerts_Verify -->
  <system-out/>
  <testcase name="Escalation_EditEscalation_Change_status_InitialRecord_to_AdditionalInfoRequired_andThen_Alerts_Verify" time="0.000" classname="nsf.ecap.IssueMgt_Suite.CreateEscalation_AFP">
    <skipped/>
  </testcase> <!-- Escalation_EditEscalation_Change_status_InitialRecord_to_AdditionalInfoRequired_andThen_Alerts_Verify -->
  <system-out/>
  <testcase name="Escalation_EditEscalation_Change_status_AdditionalInfoRequired_to_InitialRecord_andThen_Alerts_Verify" time="0.000" classname="nsf.ecap.IssueMgt_Suite.CreateEscalation_AFP">
    <skipped/>
  </testcase> <!-- Escalation_EditEscalation_Change_status_AdditionalInfoRequired_to_InitialRecord_andThen_Alerts_Verify -->
  <system-out/>
  <testcase name="Escalation_EditEscalation_Change_status_InitialRecord_to_SatisfactoryClosure_andThen_Alerts_Verify" time="0.000" classname="nsf.ecap.IssueMgt_Suite.CreateEscalation_AFP">
    <skipped/>
  </testcase> <!-- Escalation_EditEscalation_Change_status_InitialRecord_to_SatisfactoryClosure_andThen_Alerts_Verify -->
  <system-out/>
  <testcase name="Escalation_Verify_IssueClosed_As_EscalationClosed" time="0.000" classname="nsf.ecap.IssueMgt_Suite.CreateEscalation_AFP">
    <skipped/>
  </testcase> <!-- Escalation_Verify_IssueClosed_As_EscalationClosed -->
  <system-out/>
</testsuite> <!-- nsf.ecap.IssueMgt_Suite.CreateEscalation_AFP -->
