<?xml version="1.0" encoding="UTF-8"?>
<!-- Generated by org.testng.reporters.JUnitReportReporter -->
<testsuite skipped="2" hostname="INDEL-L-4B3JDM3" name="nsf.ecap.New_NSFOnline_Suite.BS_31_Product_Review" tests="2" failures="0" timestamp="2022-07-25T13:56:14 IST" time="0.000" errors="0">
  <testcase name="Launch_Browser_and_Successfully_Login_into_the_Product_Review" time="0.000" classname="nsf.ecap.New_NSFOnline_Suite.BS_31_Product_Review">
    <skipped/>
  </testcase> <!-- Launch_Browser_and_Successfully_Login_into_the_Product_Review -->
  <system-out/>
  <testcase name="Create_Edit_Delete_View_and_verify_Alerts_then_Verify_AdvanceSearch_Count_with_View_Count_in_Product_Review" time="0.000" classname="nsf.ecap.New_NSFOnline_Suite.BS_31_Product_Review">
    <skipped/>
  </testcase> <!-- Create_Edit_Delete_View_and_verify_Alerts_then_Verify_AdvanceSearch_Count_with_View_Count_in_Product_Review -->
  <system-out/>
</testsuite> <!-- nsf.ecap.New_NSFOnline_Suite.BS_31_Product_Review -->
