<?xml version="1.0" encoding="UTF-8"?>
<!-- Generated by org.testng.reporters.JUnitReportReporter -->
<testsuite skipped="12" hostname="INDEL-L-4B3JDM3" name="nsf.ecap.Work_Order_suite.NewNew_Draft_InReview_No_Fac" tests="12" failures="0" timestamp="2022-07-25T13:56:13 IST" time="0.001" errors="0">
  <testcase name="CreateWOFlow" time="0.000" classname="nsf.ecap.Work_Order_suite.NewNew_Draft_InReview_No_Fac">
    <skipped/>
  </testcase> <!-- CreateWOFlow -->
  <system-out/>
  <testcase name="Check_alert_DRAFT_Status_N_AssignedWithTaskSetupIncomplete" time="0.000" classname="nsf.ecap.Work_Order_suite.NewNew_Draft_InReview_No_Fac">
    <skipped/>
  </testcase> <!-- Check_alert_DRAFT_Status_N_AssignedWithTaskSetupIncomplete -->
  <system-out/>
  <testcase name="AddingData__Facility_Tab" time="0.000" classname="nsf.ecap.Work_Order_suite.NewNew_Draft_InReview_No_Fac">
    <skipped/>
  </testcase> <!-- AddingData__Facility_Tab -->
  <system-out/>
  <testcase name="AddingData__Tasks_Tab" time="0.000" classname="nsf.ecap.Work_Order_suite.NewNew_Draft_InReview_No_Fac">
    <skipped/>
  </testcase> <!-- AddingData__Tasks_Tab -->
  <system-out/>
  <testcase name="AddingData__Products_Tab" time="0.000" classname="nsf.ecap.Work_Order_suite.NewNew_Draft_InReview_No_Fac">
    <skipped/>
  </testcase> <!-- AddingData__Products_Tab -->
  <system-out/>
  <testcase name="AddingData__Documents_Tab" time="0.000" classname="nsf.ecap.Work_Order_suite.NewNew_Draft_InReview_No_Fac">
    <skipped/>
  </testcase> <!-- AddingData__Documents_Tab -->
  <system-out/>
  <testcase name="AddingData__Financials_Tab" time="0.000" classname="nsf.ecap.Work_Order_suite.NewNew_Draft_InReview_No_Fac">
    <skipped/>
  </testcase> <!-- AddingData__Financials_Tab -->
  <system-out/>
  <testcase name="Verifying__ActionItems_Tab" time="0.000" classname="nsf.ecap.Work_Order_suite.NewNew_Draft_InReview_No_Fac">
    <skipped/>
  </testcase> <!-- Verifying__ActionItems_Tab -->
  <system-out/>
  <testcase name="InsertValueForTR_LER_PER_QC" time="0.001" classname="nsf.ecap.Work_Order_suite.NewNew_Draft_InReview_No_Fac">
    <skipped/>
  </testcase> <!-- InsertValueForTR_LER_PER_QC -->
  <system-out/>
  <testcase name="Check_RemoveAlert_AssignedWithTaskSetupIncomplete" time="0.000" classname="nsf.ecap.Work_Order_suite.NewNew_Draft_InReview_No_Fac">
    <skipped/>
  </testcase> <!-- Check_RemoveAlert_AssignedWithTaskSetupIncomplete -->
  <system-out/>
  <testcase name="Verifying__DRAFT_INREVIEW" time="0.000" classname="nsf.ecap.Work_Order_suite.NewNew_Draft_InReview_No_Fac">
    <skipped/>
  </testcase> <!-- Verifying__DRAFT_INREVIEW -->
  <system-out/>
  <testcase name="Check_alerts_DRAFT_INREVIEW" time="0.000" classname="nsf.ecap.Work_Order_suite.NewNew_Draft_InReview_No_Fac">
    <skipped/>
  </testcase> <!-- Check_alerts_DRAFT_INREVIEW -->
  <system-out/>
</testsuite> <!-- nsf.ecap.Work_Order_suite.NewNew_Draft_InReview_No_Fac -->
