<?xml version="1.0" encoding="UTF-8"?>
<!-- Generated by org.testng.reporters.JUnitReportReporter -->
<testsuite skipped="4" hostname="INDEL-L-4B3JDM3" name="nsf.ecap.IssueMgt_Suite.DesiredOptions_Duplicates_Check" tests="4" failures="0" timestamp="2022-07-25T13:56:14 IST" time="0.000" errors="0">
  <testcase name="Launch_Browser_and_Successfully_Login_into_the_Application" time="0.000" classname="nsf.ecap.IssueMgt_Suite.DesiredOptions_Duplicates_Check">
    <skipped/>
  </testcase> <!-- Launch_Browser_and_Successfully_Login_into_the_Application -->
  <system-out/>
  <testcase name="Escalation_CheckFor_DesiredOptions_Duplicates_in_IssueType_DropDown" time="0.000" classname="nsf.ecap.IssueMgt_Suite.DesiredOptions_Duplicates_Check">
    <skipped/>
  </testcase> <!-- Escalation_CheckFor_DesiredOptions_Duplicates_in_IssueType_DropDown -->
  <system-out/>
  <testcase name="Issue_CheckFor_DesiredOptions_Duplicates_in_IssueType_DropDown" time="0.000" classname="nsf.ecap.IssueMgt_Suite.DesiredOptions_Duplicates_Check">
    <skipped/>
  </testcase> <!-- Issue_CheckFor_DesiredOptions_Duplicates_in_IssueType_DropDown -->
  <system-out/>
  <testcase name="ClientChargesConfiguration_CheckFor_DesiredOptions_Duplicates_in_IssueType_DropDown" time="0.000" classname="nsf.ecap.IssueMgt_Suite.DesiredOptions_Duplicates_Check">
    <skipped/>
  </testcase> <!-- ClientChargesConfiguration_CheckFor_DesiredOptions_Duplicates_in_IssueType_DropDown -->
  <system-out/>
</testsuite> <!-- nsf.ecap.IssueMgt_Suite.DesiredOptions_Duplicates_Check -->
