<?xml version="1.0" encoding="UTF-8"?>
<!-- Generated by org.testng.reporters.JUnitReportReporter -->
<testsuite skipped="9" hostname="INDEL-L-4B3JDM3" name="nsf.ecap.New_NSFOnline_Suite.BS_13_IM_CreateIssue_AdvSearch" tests="9" failures="0" timestamp="2022-06-16T10:13:55 IST" time="0.000" errors="0">
  <testcase name="Create_Edit_issue_and_Verify_AllTabs_are_coming_Without_any_Error_for___" time="0.000" classname="nsf.ecap.New_NSFOnline_Suite.BS_13_IM_CreateIssue_AdvSearch">
    <skipped/>
  </testcase> <!-- Create_Edit_issue_and_Verify_AllTabs_are_coming_Without_any_Error_for___ -->
  <system-out/>
  <testcase name="Create_Edit_issue_and_Verify_AllTabs_are_coming_Without_any_Error_for___" time="0.000" classname="nsf.ecap.New_NSFOnline_Suite.BS_13_IM_CreateIssue_AdvSearch">
    <skipped/>
  </testcase> <!-- Create_Edit_issue_and_Verify_AllTabs_are_coming_Without_any_Error_for___ -->
  <system-out/>
  <testcase name="Create_Edit_issue_and_Verify_AllTabs_are_coming_Without_any_Error_for___" time="0.000" classname="nsf.ecap.New_NSFOnline_Suite.BS_13_IM_CreateIssue_AdvSearch">
    <skipped/>
  </testcase> <!-- Create_Edit_issue_and_Verify_AllTabs_are_coming_Without_any_Error_for___ -->
  <system-out/>
  <testcase name="Create_Edit_issue_and_Verify_AllTabs_are_coming_Without_any_Error_for___" time="0.000" classname="nsf.ecap.New_NSFOnline_Suite.BS_13_IM_CreateIssue_AdvSearch">
    <skipped/>
  </testcase> <!-- Create_Edit_issue_and_Verify_AllTabs_are_coming_Without_any_Error_for___ -->
  <system-out/>
  <testcase name="Create_Edit_issue_and_Verify_AllTabs_are_coming_Without_any_Error_for___" time="0.000" classname="nsf.ecap.New_NSFOnline_Suite.BS_13_IM_CreateIssue_AdvSearch">
    <skipped/>
  </testcase> <!-- Create_Edit_issue_and_Verify_AllTabs_are_coming_Without_any_Error_for___ -->
  <system-out/>
  <testcase name="Create_Edit_issue_and_Verify_AllTabs_are_coming_Without_any_Error_for___" time="0.000" classname="nsf.ecap.New_NSFOnline_Suite.BS_13_IM_CreateIssue_AdvSearch">
    <skipped/>
  </testcase> <!-- Create_Edit_issue_and_Verify_AllTabs_are_coming_Without_any_Error_for___ -->
  <system-out/>
  <testcase name="Create_Edit_issue_and_Verify_AllTabs_are_coming_Without_any_Error_for___" time="0.000" classname="nsf.ecap.New_NSFOnline_Suite.BS_13_IM_CreateIssue_AdvSearch">
    <skipped/>
  </testcase> <!-- Create_Edit_issue_and_Verify_AllTabs_are_coming_Without_any_Error_for___ -->
  <system-out/>
  <testcase name="Create_Edit_issue_and_Verify_AllTabs_are_coming_Without_any_Error_for___" time="0.000" classname="nsf.ecap.New_NSFOnline_Suite.BS_13_IM_CreateIssue_AdvSearch">
    <skipped/>
  </testcase> <!-- Create_Edit_issue_and_Verify_AllTabs_are_coming_Without_any_Error_for___ -->
  <system-out/>
  <testcase name="Create_Edit_issue_and_Verify_AllTabs_are_coming_Without_any_Error_for___" time="0.000" classname="nsf.ecap.New_NSFOnline_Suite.BS_13_IM_CreateIssue_AdvSearch">
    <skipped/>
  </testcase> <!-- Create_Edit_issue_and_Verify_AllTabs_are_coming_Without_any_Error_for___ -->
  <system-out/>
</testsuite> <!-- nsf.ecap.New_NSFOnline_Suite.BS_13_IM_CreateIssue_AdvSearch -->
