<?xml version="1.0" encoding="UTF-8"?>
<!-- Generated by org.testng.reporters.JUnitReportReporter -->
<testsuite skipped="14" hostname="INDEL-L-4B3JDM3" name="nsf.ecap.Work_Order_suite.WO_Annual" tests="14" failures="0" timestamp="2022-06-16T10:13:55 IST" time="0.000" errors="0">
  <testcase name="CreateWOFlow" time="0.000" classname="nsf.ecap.Work_Order_suite.WO_Annual">
    <skipped/>
  </testcase> <!-- CreateWOFlow -->
  <system-out/>
  <testcase name="WOAnnual_AddingData__Facility_Tab" time="0.000" classname="nsf.ecap.Work_Order_suite.WO_Annual">
    <skipped/>
  </testcase> <!-- WOAnnual_AddingData__Facility_Tab -->
  <system-out/>
  <testcase name="AddingData__Tasks_Tab" time="0.000" classname="nsf.ecap.Work_Order_suite.WO_Annual">
    <skipped/>
  </testcase> <!-- AddingData__Tasks_Tab -->
  <system-out/>
  <testcase name="AddingData__Products_Tab" time="0.000" classname="nsf.ecap.Work_Order_suite.WO_Annual">
    <skipped/>
  </testcase> <!-- AddingData__Products_Tab -->
  <system-out/>
  <testcase name="AddingData__Documents_Tab" time="0.000" classname="nsf.ecap.Work_Order_suite.WO_Annual">
    <skipped/>
  </testcase> <!-- AddingData__Documents_Tab -->
  <system-out/>
  <testcase name="AddingData__Financials_Tab" time="0.000" classname="nsf.ecap.Work_Order_suite.WO_Annual">
    <skipped/>
  </testcase> <!-- AddingData__Financials_Tab -->
  <system-out/>
  <testcase name="Verifying__ActionItems_Tab" time="0.000" classname="nsf.ecap.Work_Order_suite.WO_Annual">
    <skipped/>
  </testcase> <!-- Verifying__ActionItems_Tab -->
  <system-out/>
  <testcase name="WOAnnual__DRAFT_INPROCESS" time="0.000" classname="nsf.ecap.Work_Order_suite.WO_Annual">
    <skipped/>
  </testcase> <!-- WOAnnual__DRAFT_INPROCESS -->
  <system-out/>
  <testcase name="Verify_AnnualListing_ProfessionalServices_Task_Completed" time="0.000" classname="nsf.ecap.Work_Order_suite.WO_Annual">
    <skipped/>
  </testcase> <!-- Verify_AnnualListing_ProfessionalServices_Task_Completed -->
  <system-out/>
  <testcase name="InVoice_Completed" time="0.000" classname="nsf.ecap.Work_Order_suite.WO_Annual">
    <skipped/>
  </testcase> <!-- InVoice_Completed -->
  <system-out/>
  <testcase name="Verify_Alerts_Generated" time="0.000" classname="nsf.ecap.Work_Order_suite.WO_Annual">
    <skipped/>
  </testcase> <!-- Verify_Alerts_Generated -->
  <system-out/>
  <testcase name="WOAnnual_INPROCESS_COMPLETE" time="0.000" classname="nsf.ecap.Work_Order_suite.WO_Annual">
    <skipped/>
  </testcase> <!-- WOAnnual_INPROCESS_COMPLETE -->
  <system-out/>
  <testcase name="App_Memory_StackTrace" time="0.000" classname="nsf.ecap.Work_Order_suite.WO_Annual">
    <skipped/>
  </testcase> <!-- App_Memory_StackTrace -->
  <system-out/>
  <testcase name="CLEANUP_WO_AUTOMATION_DATA" time="0.000" classname="nsf.ecap.Work_Order_suite.WO_Annual">
    <skipped/>
  </testcase> <!-- CLEANUP_WO_AUTOMATION_DATA -->
  <system-out/>
</testsuite> <!-- nsf.ecap.Work_Order_suite.WO_Annual -->
