<?xml version="1.0" encoding="UTF-8"?>
<!-- Generated by org.testng.reporters.JUnitReportReporter -->
<testsuite skipped="15" hostname="INDEL-L-4B3JDM3" name="nsf.ecap.Work_Order_suite.Modbrack_Not_Certified" tests="15" failures="0" timestamp="2022-06-16T10:13:55 IST" time="0.000" errors="0">
  <testcase name="CreateWOFlow" time="0.000" classname="nsf.ecap.Work_Order_suite.Modbrack_Not_Certified">
    <skipped/>
  </testcase> <!-- CreateWOFlow -->
  <system-out/>
  <testcase name="AddingData__Facility_Tab" time="0.000" classname="nsf.ecap.Work_Order_suite.Modbrack_Not_Certified">
    <skipped/>
  </testcase> <!-- AddingData__Facility_Tab -->
  <system-out/>
  <testcase name="AddingData__Tasks_Tab" time="0.000" classname="nsf.ecap.Work_Order_suite.Modbrack_Not_Certified">
    <skipped/>
  </testcase> <!-- AddingData__Tasks_Tab -->
  <system-out/>
  <testcase name="AddingData__Products_Tab" time="0.000" classname="nsf.ecap.Work_Order_suite.Modbrack_Not_Certified">
    <skipped/>
  </testcase> <!-- AddingData__Products_Tab -->
  <system-out/>
  <testcase name="AddingData__Financials_Tab" time="0.000" classname="nsf.ecap.Work_Order_suite.Modbrack_Not_Certified">
    <skipped/>
  </testcase> <!-- AddingData__Financials_Tab -->
  <system-out/>
  <testcase name="Verifying__DRAFT_INREVIEW_ModBrack" time="0.000" classname="nsf.ecap.Work_Order_suite.Modbrack_Not_Certified">
    <skipped/>
  </testcase> <!-- Verifying__DRAFT_INREVIEW_ModBrack -->
  <system-out/>
  <testcase name="Client_Quote_Task" time="0.000" classname="nsf.ecap.Work_Order_suite.Modbrack_Not_Certified">
    <skipped/>
  </testcase> <!-- Client_Quote_Task -->
  <system-out/>
  <testcase name="Mod_Brack_Review_Task" time="0.000" classname="nsf.ecap.Work_Order_suite.Modbrack_Not_Certified">
    <skipped/>
  </testcase> <!-- Mod_Brack_Review_Task -->
  <system-out/>
  <testcase name="Supplier_Forms_task" time="0.000" classname="nsf.ecap.Work_Order_suite.Modbrack_Not_Certified">
    <skipped/>
  </testcase> <!-- Supplier_Forms_task -->
  <system-out/>
  <testcase name="ModBrack_Revision_Execution_Quote" time="0.000" classname="nsf.ecap.Work_Order_suite.Modbrack_Not_Certified">
    <skipped/>
  </testcase> <!-- ModBrack_Revision_Execution_Quote -->
  <system-out/>
  <testcase name="RestartBrowserNLogin1" time="0.000" classname="nsf.ecap.Work_Order_suite.Modbrack_Not_Certified">
    <skipped/>
  </testcase> <!-- RestartBrowserNLogin1 -->
  <system-out/>
  <testcase name="ModBrack_Phy_Eval" time="0.000" classname="nsf.ecap.Work_Order_suite.Modbrack_Not_Certified">
    <skipped/>
  </testcase> <!-- ModBrack_Phy_Eval -->
  <system-out/>
  <testcase name="ModBrack_Lite_Eval" time="0.000" classname="nsf.ecap.Work_Order_suite.Modbrack_Not_Certified">
    <skipped/>
  </testcase> <!-- ModBrack_Lite_Eval -->
  <system-out/>
  <testcase name="ModBrack_Certification_Decision_Task" time="0.000" classname="nsf.ecap.Work_Order_suite.Modbrack_Not_Certified">
    <skipped/>
  </testcase> <!-- ModBrack_Certification_Decision_Task -->
  <system-out/>
  <testcase name="CLEANUP_WO_AUTOMATION_DATA" time="0.000" classname="nsf.ecap.Work_Order_suite.Modbrack_Not_Certified">
    <skipped/>
  </testcase> <!-- CLEANUP_WO_AUTOMATION_DATA -->
  <system-out/>
</testsuite> <!-- nsf.ecap.Work_Order_suite.Modbrack_Not_Certified -->
