<?xml version="1.0" encoding="UTF-8"?>
<!-- Generated by org.testng.reporters.JUnitReportReporter -->
<testsuite skipped="8" hostname="INDEL-L-4B3JDM3" name="nsf.ecap.ISR_suite.ISO9001_Corporate" tests="8" failures="0" timestamp="2022-06-16T10:13:55 IST" time="0.000" errors="0">
  <testcase name="CreateWOFlow" time="0.000" classname="nsf.ecap.ISR_suite.ISO9001_Corporate">
    <skipped/>
  </testcase> <!-- CreateWOFlow -->
  <system-out/>
  <testcase name="Standard_Facility_Tab" time="0.000" classname="nsf.ecap.ISR_suite.ISO9001_Corporate">
    <skipped/>
  </testcase> <!-- Standard_Facility_Tab -->
  <system-out/>
  <testcase name="Financial_Tab_Corporate" time="0.000" classname="nsf.ecap.ISR_suite.ISO9001_Corporate">
    <skipped/>
  </testcase> <!-- Financial_Tab_Corporate -->
  <system-out/>
  <testcase name="Second_CreateWOFlow_forAssociatedFacility" time="0.000" classname="nsf.ecap.ISR_suite.ISO9001_Corporate">
    <skipped/>
  </testcase> <!-- Second_CreateWOFlow_forAssociatedFacility -->
  <system-out/>
  <testcase name="Associate_Standard_Facility_Tab" time="0.000" classname="nsf.ecap.ISR_suite.ISO9001_Corporate">
    <skipped/>
  </testcase> <!-- Associate_Standard_Facility_Tab -->
  <system-out/>
  <testcase name="associate_Financial_Tab" time="0.000" classname="nsf.ecap.ISR_suite.ISO9001_Corporate">
    <skipped/>
  </testcase> <!-- associate_Financial_Tab -->
  <system-out/>
  <testcase name="corporate_WO_AddSingleWO" time="0.000" classname="nsf.ecap.ISR_suite.ISO9001_Corporate">
    <skipped/>
  </testcase> <!-- corporate_WO_AddSingleWO -->
  <system-out/>
  <testcase name="CLEANUP_WO_AUTOMATION_DATA" time="0.000" classname="nsf.ecap.ISR_suite.ISO9001_Corporate">
    <skipped/>
  </testcase> <!-- CLEANUP_WO_AUTOMATION_DATA -->
  <system-out/>
</testsuite> <!-- nsf.ecap.ISR_suite.ISO9001_Corporate -->
