<?xml version="1.0" encoding="UTF-8"?>
<!-- Generated by org.testng.reporters.JUnitReportReporter -->
<testsuite skipped="1" hostname="INDEL-L-4B3JDM3" name="nsf.ecap.Work_Order_suite.BulkAssign_ChangeAssignTo" tests="1" failures="0" timestamp="2022-06-16T10:13:55 IST" time="0.000" errors="0">
  <testcase name="BulkAssignment_Flow" time="0.000" classname="nsf.ecap.Work_Order_suite.BulkAssign_ChangeAssignTo">
    <skipped/>
  </testcase> <!-- BulkAssignment_Flow -->
  <system-out/>
</testsuite> <!-- nsf.ecap.Work_Order_suite.BulkAssign_ChangeAssignTo -->
