<?xml version="1.0" encoding="UTF-8"?>
<!-- Generated by org.testng.reporters.JUnitReportReporter -->
<testsuite skipped="6" hostname="INDEL-L-4B3JDM3" name="nsf.ecap.New_NSFOnline_Suite.BS_24_Users" tests="6" failures="0" timestamp="2022-06-16T10:13:55 IST" time="0.000" errors="0">
  <testcase name="Launch_Browser_and_Successfully_Login_into_the_Application" time="0.000" classname="nsf.ecap.New_NSFOnline_Suite.BS_24_Users">
    <skipped/>
  </testcase> <!-- Launch_Browser_and_Successfully_Login_into_the_Application -->
  <system-out/>
  <testcase name="Verify_DataPrePopulated_and_Update_WorkingFine_under_MyProfile_Screen" time="0.000" classname="nsf.ecap.New_NSFOnline_Suite.BS_24_Users">
    <skipped/>
  </testcase> <!-- Verify_DataPrePopulated_and_Update_WorkingFine_under_MyProfile_Screen -->
  <system-out/>
  <testcase name="Verify_Create_Edit_Delete_View_WorkingFine_under_ManageUsers_screen" time="0.000" classname="nsf.ecap.New_NSFOnline_Suite.BS_24_Users">
    <skipped/>
  </testcase> <!-- Verify_Create_Edit_Delete_View_WorkingFine_under_ManageUsers_screen -->
  <system-out/>
  <testcase name="AddNewUser_GivePermissions_and_Verify_RetrievedIntoThe_AdvanceSearch" time="0.000" classname="nsf.ecap.New_NSFOnline_Suite.BS_24_Users">
    <skipped/>
  </testcase> <!-- AddNewUser_GivePermissions_and_Verify_RetrievedIntoThe_AdvanceSearch -->
  <system-out/>
  <testcase name="Login_with_NewllyCreatedUser_ForcePasswordChange_And_Verify_CorrectDataRetrieved_Under_MyProfile_Screen" time="0.000" classname="nsf.ecap.New_NSFOnline_Suite.BS_24_Users">
    <skipped/>
  </testcase> <!-- Login_with_NewllyCreatedUser_ForcePasswordChange_And_Verify_CorrectDataRetrieved_Under_MyProfile_Screen -->
  <system-out/>
  <testcase name="Change_Password_and_Verify_Login_Successfull_with_New_Password" time="0.000" classname="nsf.ecap.New_NSFOnline_Suite.BS_24_Users">
    <skipped/>
  </testcase> <!-- Change_Password_and_Verify_Login_Successfull_with_New_Password -->
  <system-out/>
</testsuite> <!-- nsf.ecap.New_NSFOnline_Suite.BS_24_Users -->
