<?xml version="1.0" encoding="UTF-8"?>
<!-- Generated by org.testng.reporters.JUnitReportReporter -->
<testsuite skipped="2" hostname="INDEL-L-4B3JDM3" name="nsf.ecap.New_NSFOnline_Suite.BS_12_BkAdmin_Mgt_Reports" tests="2" failures="0" timestamp="2022-06-16T10:13:54 IST" time="0.000" errors="0">
  <testcase name="BK_Verify_Management_Reports__BurgerKingAuditResultsReport" time="0.000" classname="nsf.ecap.New_NSFOnline_Suite.BS_12_BkAdmin_Mgt_Reports">
    <skipped/>
  </testcase> <!-- BK_Verify_Management_Reports__BurgerKingAuditResultsReport -->
  <system-out/>
  <testcase name="BK_Verify_Management_Reports__Top10NonComplianceReport" time="0.000" classname="nsf.ecap.New_NSFOnline_Suite.BS_12_BkAdmin_Mgt_Reports">
    <skipped/>
  </testcase> <!-- BK_Verify_Management_Reports__Top10NonComplianceReport -->
  <system-out/>
</testsuite> <!-- nsf.ecap.New_NSFOnline_Suite.BS_12_BkAdmin_Mgt_Reports -->
