<?xml version="1.0" encoding="UTF-8"?>
<!-- Generated by org.testng.reporters.JUnitReportReporter -->
<testsuite skipped="13" hostname="INDEL-L-4B3JDM3" name="nsf.ecap.Work_Order_suite.WO_Failure_Resolution" tests="13" failures="0" timestamp="2022-06-16T10:13:55 IST" time="0.000" errors="0">
  <testcase name="FailureResolution_CreateWOFlow" time="0.000" classname="nsf.ecap.Work_Order_suite.WO_Failure_Resolution">
    <skipped/>
  </testcase> <!-- FailureResolution_CreateWOFlow -->
  <system-out/>
  <testcase name="AddingData__Facility_Tab" time="0.000" classname="nsf.ecap.Work_Order_suite.WO_Failure_Resolution">
    <skipped/>
  </testcase> <!-- AddingData__Facility_Tab -->
  <system-out/>
  <testcase name="AddingData__Tasks_Tab" time="0.000" classname="nsf.ecap.Work_Order_suite.WO_Failure_Resolution">
    <skipped/>
  </testcase> <!-- AddingData__Tasks_Tab -->
  <system-out/>
  <testcase name="AddingData__Products_Tab" time="0.000" classname="nsf.ecap.Work_Order_suite.WO_Failure_Resolution">
    <skipped/>
  </testcase> <!-- AddingData__Products_Tab -->
  <system-out/>
  <testcase name="AddingData__Documents_Tab" time="0.000" classname="nsf.ecap.Work_Order_suite.WO_Failure_Resolution">
    <skipped/>
  </testcase> <!-- AddingData__Documents_Tab -->
  <system-out/>
  <testcase name="AddingData__Financials_Tab" time="0.000" classname="nsf.ecap.Work_Order_suite.WO_Failure_Resolution">
    <skipped/>
  </testcase> <!-- AddingData__Financials_Tab -->
  <system-out/>
  <testcase name="Verifying__ActionItems_Tab" time="0.000" classname="nsf.ecap.Work_Order_suite.WO_Failure_Resolution">
    <skipped/>
  </testcase> <!-- Verifying__ActionItems_Tab -->
  <system-out/>
  <testcase name="FailureResolutionWO_Verifying__DRAFT_INREVIEW" time="0.000" classname="nsf.ecap.Work_Order_suite.WO_Failure_Resolution">
    <skipped/>
  </testcase> <!-- FailureResolutionWO_Verifying__DRAFT_INREVIEW -->
  <system-out/>
  <testcase name="FR_Technical_Review_Task" time="0.000" classname="nsf.ecap.Work_Order_suite.WO_Failure_Resolution">
    <skipped/>
  </testcase> <!-- FR_Technical_Review_Task -->
  <system-out/>
  <testcase name="FR_Revision_Execution_Quote" time="0.000" classname="nsf.ecap.Work_Order_suite.WO_Failure_Resolution">
    <skipped/>
  </testcase> <!-- FR_Revision_Execution_Quote -->
  <system-out/>
  <testcase name="FR_Certification_Decision_Task" time="0.000" classname="nsf.ecap.Work_Order_suite.WO_Failure_Resolution">
    <skipped/>
  </testcase> <!-- FR_Certification_Decision_Task -->
  <system-out/>
  <testcase name="WOAnnual_INPROCESS_COMPLETE" time="0.000" classname="nsf.ecap.Work_Order_suite.WO_Failure_Resolution">
    <skipped/>
  </testcase> <!-- WOAnnual_INPROCESS_COMPLETE -->
  <system-out/>
  <testcase name="CLEANUP_WO_AUTOMATION_DATA" time="0.000" classname="nsf.ecap.Work_Order_suite.WO_Failure_Resolution">
    <skipped/>
  </testcase> <!-- CLEANUP_WO_AUTOMATION_DATA -->
  <system-out/>
</testsuite> <!-- nsf.ecap.Work_Order_suite.WO_Failure_Resolution -->
