<?xml version="1.0" encoding="UTF-8"?>
<!-- Generated by org.testng.reporters.JUnitReportReporter -->
<testsuite skipped="29" hostname="INDEL-L-4B3JDM3" name="nsf.ecap.IssueMgt_Suite.CreateIssue_FBY" tests="29" failures="0" timestamp="2022-06-16T10:13:55 IST" time="0.000" errors="0">
  <testcase name="Launch_Browser_and_Successfully_Login_into_the_Application" time="0.000" classname="nsf.ecap.IssueMgt_Suite.CreateIssue_FBY">
    <skipped/>
  </testcase> <!-- Launch_Browser_and_Successfully_Login_into_the_Application -->
  <system-out/>
  <testcase name="FBY_CreateIssue" time="0.000" classname="nsf.ecap.IssueMgt_Suite.CreateIssue_FBY">
    <skipped/>
  </testcase> <!-- FBY_CreateIssue -->
  <system-out/>
  <testcase name="Check_Alert_FoodIssuesUnassigned" time="0.000" classname="nsf.ecap.IssueMgt_Suite.CreateIssue_FBY">
    <skipped/>
  </testcase> <!-- Check_Alert_FoodIssuesUnassigned -->
  <system-out/>
  <testcase name="Summary_Details_Updated" time="0.000" classname="nsf.ecap.IssueMgt_Suite.CreateIssue_FBY">
    <skipped/>
  </testcase> <!-- Summary_Details_Updated -->
  <system-out/>
  <testcase name="Check_Alert_IssuesAssignedToMeAsAdmin" time="0.000" classname="nsf.ecap.IssueMgt_Suite.CreateIssue_FBY">
    <skipped/>
  </testcase> <!-- Check_Alert_IssuesAssignedToMeAsAdmin -->
  <system-out/>
  <testcase name="Check_Alert_IssuesAssignedToMeAsTechnologist" time="0.000" classname="nsf.ecap.IssueMgt_Suite.CreateIssue_FBY">
    <skipped/>
  </testcase> <!-- Check_Alert_IssuesAssignedToMeAsTechnologist -->
  <system-out/>
  <testcase name="Check_alert_IssuesAssignedToMeAwaitingTechnologistAction" time="0.000" classname="nsf.ecap.IssueMgt_Suite.CreateIssue_FBY">
    <skipped/>
  </testcase> <!-- Check_alert_IssuesAssignedToMeAwaitingTechnologistAction -->
  <system-out/>
  <testcase name="Change_status_InitialRecord_to_AwaitingForeignBody" time="0.000" classname="nsf.ecap.IssueMgt_Suite.CreateIssue_FBY">
    <skipped/>
  </testcase> <!-- Change_status_InitialRecord_to_AwaitingForeignBody -->
  <system-out/>
  <testcase name="AwaitingForeignBody_Check_Alert_IssuesAssignedToMeAsAdmin" time="0.000" classname="nsf.ecap.IssueMgt_Suite.CreateIssue_FBY">
    <skipped/>
  </testcase> <!-- AwaitingForeignBody_Check_Alert_IssuesAssignedToMeAsAdmin -->
  <system-out/>
  <testcase name="AwaitingForeignBody_Check_Alert_IssuesAssignedtoMeAsTechnologist" time="0.000" classname="nsf.ecap.IssueMgt_Suite.CreateIssue_FBY">
    <skipped/>
  </testcase> <!-- AwaitingForeignBody_Check_Alert_IssuesAssignedtoMeAsTechnologist -->
  <system-out/>
  <testcase name="AwaitingForeignBody_Check_Alert_IssuesAssignedToMeAwaitingClientAction" time="0.000" classname="nsf.ecap.IssueMgt_Suite.CreateIssue_FBY">
    <skipped/>
  </testcase> <!-- AwaitingForeignBody_Check_Alert_IssuesAssignedToMeAwaitingClientAction -->
  <system-out/>
  <testcase name="Change_Status_AwaitingForeignBody_TO_InitialRecord" time="0.000" classname="nsf.ecap.IssueMgt_Suite.CreateIssue_FBY">
    <skipped/>
  </testcase> <!-- Change_Status_AwaitingForeignBody_TO_InitialRecord -->
  <system-out/>
  <testcase name="InitialRecord_Check_Alert_IssuesAssignedToMeAsAdmin" time="0.000" classname="nsf.ecap.IssueMgt_Suite.CreateIssue_FBY">
    <skipped/>
  </testcase> <!-- InitialRecord_Check_Alert_IssuesAssignedToMeAsAdmin -->
  <system-out/>
  <testcase name="InitialRecord_Check_Alert_IssuesAssignedToMeAsTechnologist" time="0.000" classname="nsf.ecap.IssueMgt_Suite.CreateIssue_FBY">
    <skipped/>
  </testcase> <!-- InitialRecord_Check_Alert_IssuesAssignedToMeAsTechnologist -->
  <system-out/>
  <testcase name="InitialRecord_Check_Alert_IssuesAssignedToMeAwaitingTechnologistAction" time="0.000" classname="nsf.ecap.IssueMgt_Suite.CreateIssue_FBY">
    <skipped/>
  </testcase> <!-- InitialRecord_Check_Alert_IssuesAssignedToMeAwaitingTechnologistAction -->
  <system-out/>
  <testcase name="Change_status_InitialRecord_to_DetailsSentToSupplier" time="0.000" classname="nsf.ecap.IssueMgt_Suite.CreateIssue_FBY">
    <skipped/>
  </testcase> <!-- Change_status_InitialRecord_to_DetailsSentToSupplier -->
  <system-out/>
  <testcase name="DetailsSentToSupplier_Check_Alert_IssuesAssignedToMeAsAdmin" time="0.000" classname="nsf.ecap.IssueMgt_Suite.CreateIssue_FBY">
    <skipped/>
  </testcase> <!-- DetailsSentToSupplier_Check_Alert_IssuesAssignedToMeAsAdmin -->
  <system-out/>
  <testcase name="DetailsSentToSupplier_Check_Alert_IssuesAssignedtoMeAsTechnologist" time="0.000" classname="nsf.ecap.IssueMgt_Suite.CreateIssue_FBY">
    <skipped/>
  </testcase> <!-- DetailsSentToSupplier_Check_Alert_IssuesAssignedtoMeAsTechnologist -->
  <system-out/>
  <testcase name="DetailsSentToSupplier_Check_Alert_IssuesAssignedToMeAwaitingSupplierDistributorAction" time="0.000" classname="nsf.ecap.IssueMgt_Suite.CreateIssue_FBY">
    <skipped/>
  </testcase> <!-- DetailsSentToSupplier_Check_Alert_IssuesAssignedToMeAwaitingSupplierDistributorAction -->
  <system-out/>
  <testcase name="Change_status_DetailsSentToSupplier_to_IssueResponse" time="0.000" classname="nsf.ecap.IssueMgt_Suite.CreateIssue_FBY">
    <skipped/>
  </testcase> <!-- Change_status_DetailsSentToSupplier_to_IssueResponse -->
  <system-out/>
  <testcase name="IssueResponse_Check_Alert_IssuesAssignedToMeAsAdmin" time="0.000" classname="nsf.ecap.IssueMgt_Suite.CreateIssue_FBY">
    <skipped/>
  </testcase> <!-- IssueResponse_Check_Alert_IssuesAssignedToMeAsAdmin -->
  <system-out/>
  <testcase name="IssueResponse_Check_Alert_IssuesAssignedtoMeAsTechnologist" time="0.000" classname="nsf.ecap.IssueMgt_Suite.CreateIssue_FBY">
    <skipped/>
  </testcase> <!-- IssueResponse_Check_Alert_IssuesAssignedtoMeAsTechnologist -->
  <system-out/>
  <testcase name="IssueResponse_Check_Alert_IssuesAssignedToMeAwaitingTechnologistAction" time="0.000" classname="nsf.ecap.IssueMgt_Suite.CreateIssue_FBY">
    <skipped/>
  </testcase> <!-- IssueResponse_Check_Alert_IssuesAssignedToMeAwaitingTechnologistAction -->
  <system-out/>
  <testcase name="Change_status_IssueResponse_to_TechnologistApprovedToClose" time="0.000" classname="nsf.ecap.IssueMgt_Suite.CreateIssue_FBY">
    <skipped/>
  </testcase> <!-- Change_status_IssueResponse_to_TechnologistApprovedToClose -->
  <system-out/>
  <testcase name="TechnologistApprovedToClose_Check_Alert_IssuesAssignedToMeAsAdmin" time="0.000" classname="nsf.ecap.IssueMgt_Suite.CreateIssue_FBY">
    <skipped/>
  </testcase> <!-- TechnologistApprovedToClose_Check_Alert_IssuesAssignedToMeAsAdmin -->
  <system-out/>
  <testcase name="TechnologistApprovedToClose_Check_Alert_IssuesAssignedtoMeAsTechnologist" time="0.000" classname="nsf.ecap.IssueMgt_Suite.CreateIssue_FBY">
    <skipped/>
  </testcase> <!-- TechnologistApprovedToClose_Check_Alert_IssuesAssignedtoMeAsTechnologist -->
  <system-out/>
  <testcase name="TechnologistApprovedToClose_Check_Alert_IssuesAssignedToMeAwaitingAdminAction" time="0.000" classname="nsf.ecap.IssueMgt_Suite.CreateIssue_FBY">
    <skipped/>
  </testcase> <!-- TechnologistApprovedToClose_Check_Alert_IssuesAssignedToMeAwaitingAdminAction -->
  <system-out/>
  <testcase name="Change_status_TechnologistApprovedToClose_to_SatisfactoryClosure" time="0.000" classname="nsf.ecap.IssueMgt_Suite.CreateIssue_FBY">
    <skipped/>
  </testcase> <!-- Change_status_TechnologistApprovedToClose_to_SatisfactoryClosure -->
  <system-out/>
  <testcase name="SatisfactoryClosure_Check_IssueID_Not_Present_In_Alerts_After_Issue_Closed" time="0.000" classname="nsf.ecap.IssueMgt_Suite.CreateIssue_FBY">
    <skipped/>
  </testcase> <!-- SatisfactoryClosure_Check_IssueID_Not_Present_In_Alerts_After_Issue_Closed -->
  <system-out/>
</testsuite> <!-- nsf.ecap.IssueMgt_Suite.CreateIssue_FBY -->
