<?xml version="1.0" encoding="UTF-8"?>
<!-- Generated by org.testng.reporters.JUnitReportReporter -->
<testsuite skipped="3" hostname="INDEL-L-4B3JDM3" name="nsf.ecap.New_NSFOnline_Suite.BS_25_Audit_Component" tests="3" failures="0" timestamp="2022-06-16T10:13:55 IST" time="0.000" errors="0">
  <testcase name="Launch_Browser_and_Successfully_Login_into_the_Application" time="0.000" classname="nsf.ecap.New_NSFOnline_Suite.BS_25_Audit_Component">
    <skipped/>
  </testcase> <!-- Launch_Browser_and_Successfully_Login_into_the_Application -->
  <system-out/>
  <testcase name="CreateNewView_MakeAlert_by_EditView_then_Verify_ViewRecordsCount_MatchWith_AdvanceSearchResultCount" time="0.000" classname="nsf.ecap.New_NSFOnline_Suite.BS_25_Audit_Component">
    <skipped/>
  </testcase> <!-- CreateNewView_MakeAlert_by_EditView_then_Verify_ViewRecordsCount_MatchWith_AdvanceSearchResultCount -->
  <system-out/>
  <testcase name="CreateNewSnapshot_and_PieChart_for_AuditCompenent_then_Verify_Records_Counts_in_PieChart" time="0.000" classname="nsf.ecap.New_NSFOnline_Suite.BS_25_Audit_Component">
    <skipped/>
  </testcase> <!-- CreateNewSnapshot_and_PieChart_for_AuditCompenent_then_Verify_Records_Counts_in_PieChart -->
  <system-out/>
</testsuite> <!-- nsf.ecap.New_NSFOnline_Suite.BS_25_Audit_Component -->
