<?xml version="1.0" encoding="UTF-8"?>
<!-- Generated by org.testng.reporters.JUnitReportReporter -->
<testsuite skipped="14" hostname="INDEL-L-4B3JDM3" name="nsf.ecap.IssueMgt_Suite.Escalation_FBY_8Issues_Scenario1" tests="14" failures="0" timestamp="2022-06-16T10:13:55 IST" time="0.000" errors="0">
  <testcase name="Launch_Browser_and_Successfully_Login_into_the_Application" time="0.000" classname="nsf.ecap.IssueMgt_Suite.Escalation_FBY_8Issues_Scenario1">
    <skipped/>
  </testcase> <!-- Launch_Browser_and_Successfully_Login_into_the_Application -->
  <system-out/>
  <testcase name="Escalation_FBY_FirstIssue_Green" time="0.000" classname="nsf.ecap.IssueMgt_Suite.Escalation_FBY_8Issues_Scenario1">
    <skipped/>
  </testcase> <!-- Escalation_FBY_FirstIssue_Green -->
  <system-out/>
  <testcase name="Escalation_FBY_SecondIssue_Amber" time="0.000" classname="nsf.ecap.IssueMgt_Suite.Escalation_FBY_8Issues_Scenario1">
    <skipped/>
  </testcase> <!-- Escalation_FBY_SecondIssue_Amber -->
  <system-out/>
  <testcase name="Escalation_FBY_ThirdIssue_Amber" time="0.000" classname="nsf.ecap.IssueMgt_Suite.Escalation_FBY_8Issues_Scenario1">
    <skipped/>
  </testcase> <!-- Escalation_FBY_ThirdIssue_Amber -->
  <system-out/>
  <testcase name="Escalation_FBY_FourthIssue_Amber" time="0.000" classname="nsf.ecap.IssueMgt_Suite.Escalation_FBY_8Issues_Scenario1">
    <skipped/>
  </testcase> <!-- Escalation_FBY_FourthIssue_Amber -->
  <system-out/>
  <testcase name="Escalation_FBY_FifthIssue_Amber" time="0.000" classname="nsf.ecap.IssueMgt_Suite.Escalation_FBY_8Issues_Scenario1">
    <skipped/>
  </testcase> <!-- Escalation_FBY_FifthIssue_Amber -->
  <system-out/>
  <testcase name="Escalation_FBY_SixthIssue_Amber" time="0.000" classname="nsf.ecap.IssueMgt_Suite.Escalation_FBY_8Issues_Scenario1">
    <skipped/>
  </testcase> <!-- Escalation_FBY_SixthIssue_Amber -->
  <system-out/>
  <testcase name="Escalation_FBY_SeventhIssue_Amber" time="0.000" classname="nsf.ecap.IssueMgt_Suite.Escalation_FBY_8Issues_Scenario1">
    <skipped/>
  </testcase> <!-- Escalation_FBY_SeventhIssue_Amber -->
  <system-out/>
  <testcase name="Escalation_FBY_EighthIssue_Red" time="0.000" classname="nsf.ecap.IssueMgt_Suite.Escalation_FBY_8Issues_Scenario1">
    <skipped/>
  </testcase> <!-- Escalation_FBY_EighthIssue_Red -->
  <system-out/>
  <testcase name="Escalation_FBY_Generated_With_8_Issues" time="0.000" classname="nsf.ecap.IssueMgt_Suite.Escalation_FBY_8Issues_Scenario1">
    <skipped/>
  </testcase> <!-- Escalation_FBY_Generated_With_8_Issues -->
  <system-out/>
  <testcase name="Escalation_FBY_Edit_05NOV_DateIssueSubType_Verify_Escalation_Dismantled" time="0.000" classname="nsf.ecap.IssueMgt_Suite.Escalation_FBY_8Issues_Scenario1">
    <skipped/>
  </testcase> <!-- Escalation_FBY_Edit_05NOV_DateIssueSubType_Verify_Escalation_Dismantled -->
  <system-out/>
  <testcase name="Escalation_FBY_Edit_05NOV_DateIssueSubType_BackToOriginal_and_Verify_NEW_Escalation_ID_Generated" time="0.000" classname="nsf.ecap.IssueMgt_Suite.Escalation_FBY_8Issues_Scenario1">
    <skipped/>
  </testcase> <!-- Escalation_FBY_Edit_05NOV_DateIssueSubType_BackToOriginal_and_Verify_NEW_Escalation_ID_Generated -->
  <system-out/>
  <testcase name="Escalation_EditEscalation_Change_status_InitialRecord_to_SatisfactoryClosure" time="0.000" classname="nsf.ecap.IssueMgt_Suite.Escalation_FBY_8Issues_Scenario1">
    <skipped/>
  </testcase> <!-- Escalation_EditEscalation_Change_status_InitialRecord_to_SatisfactoryClosure -->
  <system-out/>
  <testcase name="Escalation_Verify_AllIssuesClosed_As_EscalationClosed" time="0.000" classname="nsf.ecap.IssueMgt_Suite.Escalation_FBY_8Issues_Scenario1">
    <skipped/>
  </testcase> <!-- Escalation_Verify_AllIssuesClosed_As_EscalationClosed -->
  <system-out/>
</testsuite> <!-- nsf.ecap.IssueMgt_Suite.Escalation_FBY_8Issues_Scenario1 -->
