<?xml version="1.0" encoding="UTF-8"?>
<!-- Generated by org.testng.reporters.JUnitReportReporter -->
<testsuite skipped="4" hostname="INDEL-L-4B3JDM3" name="nsf.ecap.New_NSFOnline_Suite.BS_38_AdvSrch_ExportFunctional" tests="4" failures="0" timestamp="2022-06-16T10:13:55 IST" time="0.000" errors="0">
  <testcase name="Verify_AdvanceSearch_Export_Functionality_for_the_following_Data_" time="0.000" classname="nsf.ecap.New_NSFOnline_Suite.BS_38_AdvSrch_ExportFunctional">
    <skipped/>
  </testcase> <!-- Verify_AdvanceSearch_Export_Functionality_for_the_following_Data_ -->
  <system-out/>
  <testcase name="Verify_AdvanceSearch_Export_Functionality_for_the_following_Data_" time="0.000" classname="nsf.ecap.New_NSFOnline_Suite.BS_38_AdvSrch_ExportFunctional">
    <skipped/>
  </testcase> <!-- Verify_AdvanceSearch_Export_Functionality_for_the_following_Data_ -->
  <system-out/>
  <testcase name="Verify_AdvanceSearch_Export_Functionality_for_the_following_Data_" time="0.000" classname="nsf.ecap.New_NSFOnline_Suite.BS_38_AdvSrch_ExportFunctional">
    <skipped/>
  </testcase> <!-- Verify_AdvanceSearch_Export_Functionality_for_the_following_Data_ -->
  <system-out/>
  <testcase name="Verify_AdvanceSearch_Export_Functionality_for_the_following_Data_" time="0.000" classname="nsf.ecap.New_NSFOnline_Suite.BS_38_AdvSrch_ExportFunctional">
    <skipped/>
  </testcase> <!-- Verify_AdvanceSearch_Export_Functionality_for_the_following_Data_ -->
  <system-out/>
</testsuite> <!-- nsf.ecap.New_NSFOnline_Suite.BS_38_AdvSrch_ExportFunctional -->
