<?xml version="1.0" encoding="UTF-8"?>
<!-- Generated by org.testng.reporters.JUnitReportReporter -->
<testsuite skipped="1" hostname="INDEL-L-4B3JDM3" name="nsf.ecap.Health_Science_suite.HS_lead_proposal_project_cycle" tests="1" failures="0" timestamp="2022-06-16T10:13:55 IST" time="0.000" errors="0">
  <testcase name="HS_flow" time="0.000" classname="nsf.ecap.Health_Science_suite.HS_lead_proposal_project_cycle">
    <skipped/>
  </testcase> <!-- HS_flow -->
  <system-out/>
</testsuite> <!-- nsf.ecap.Health_Science_suite.HS_lead_proposal_project_cycle -->
