<?xml version="1.0" encoding="UTF-8"?>
<!-- Generated by org.testng.reporters.JUnitReportReporter -->
<testsuite skipped="5" hostname="INDEL-L-4B3JDM3" name="nsf.ecap.New_NSFOnline_Suite.BS_15_NSFOnlineAccountSetup" tests="5" failures="0" timestamp="2022-06-16T10:13:55 IST" time="0.000" errors="0">
  <testcase name="Login_into_iPulse_and_SwitchTo_NSfOnline_2_by_Clicking_on_NSFOnlineAccountSetup_Button" time="0.000" classname="nsf.ecap.New_NSFOnline_Suite.BS_15_NSFOnlineAccountSetup">
    <skipped/>
  </testcase> <!-- Login_into_iPulse_and_SwitchTo_NSfOnline_2_by_Clicking_on_NSFOnlineAccountSetup_Button -->
  <system-out/>
  <testcase name="Verify_Data_Updated_Successfully_under_CustomerSetting_TAB" time="0.000" classname="nsf.ecap.New_NSFOnline_Suite.BS_15_NSFOnlineAccountSetup">
    <skipped/>
  </testcase> <!-- Verify_Data_Updated_Successfully_under_CustomerSetting_TAB -->
  <system-out/>
  <testcase name="Verify_Data_Updated_Successfully_under_AccessRestriction_TAB" time="0.000" classname="nsf.ecap.New_NSFOnline_Suite.BS_15_NSFOnlineAccountSetup">
    <skipped/>
  </testcase> <!-- Verify_Data_Updated_Successfully_under_AccessRestriction_TAB -->
  <system-out/>
  <testcase name="Verify_Data_Updated_Successfully_under_CustomLabels_TAB" time="0.000" classname="nsf.ecap.New_NSFOnline_Suite.BS_15_NSFOnlineAccountSetup">
    <skipped/>
  </testcase> <!-- Verify_Data_Updated_Successfully_under_CustomLabels_TAB -->
  <system-out/>
  <testcase name="Verify_Data_Updated_Successfully_under_AuditSettings_TAB" time="0.000" classname="nsf.ecap.New_NSFOnline_Suite.BS_15_NSFOnlineAccountSetup">
    <skipped/>
  </testcase> <!-- Verify_Data_Updated_Successfully_under_AuditSettings_TAB -->
  <system-out/>
</testsuite> <!-- nsf.ecap.New_NSFOnline_Suite.BS_15_NSFOnlineAccountSetup -->
