<?xml version="1.0" encoding="UTF-8"?>
<!-- Generated by org.testng.reporters.JUnitReportReporter -->
<testsuite skipped="1" hostname="INDEL-L-4B3JDM3" name="nsf.ecap.Audit_SAM_SPA_suite.SAM_assuring_all_screens_load" tests="1" failures="0" timestamp="2022-06-16T10:13:55 IST" time="0.000" errors="0">
  <testcase name="SAM_assuring_all_screens_load" time="0.000" classname="nsf.ecap.Audit_SAM_SPA_suite.SAM_assuring_all_screens_load">
    <skipped/>
  </testcase> <!-- SAM_assuring_all_screens_load -->
  <system-out/>
</testsuite> <!-- nsf.ecap.Audit_SAM_SPA_suite.SAM_assuring_all_screens_load -->
