<?xml version="1.0" encoding="UTF-8"?>
<!-- Generated by org.testng.reporters.JUnitReportReporter -->
<testsuite skipped="8" hostname="INDEL-L-4B3JDM3" name="nsf.ecap.IssueMgt_Suite.Escalation_FourIssues" tests="8" failures="0" timestamp="2022-06-16T10:13:55 IST" time="0.000" errors="0">
  <testcase name="Launch_Browser_and_Successfully_Login_into_the_Application" time="0.000" classname="nsf.ecap.IssueMgt_Suite.Escalation_FourIssues">
    <skipped/>
  </testcase> <!-- Launch_Browser_and_Successfully_Login_into_the_Application -->
  <system-out/>
  <testcase name="Escalation_PRQ_FirstIssue_Green" time="0.000" classname="nsf.ecap.IssueMgt_Suite.Escalation_FourIssues">
    <skipped/>
  </testcase> <!-- Escalation_PRQ_FirstIssue_Green -->
  <system-out/>
  <testcase name="Escalation_PRQ_SecondIssue_Amber" time="0.000" classname="nsf.ecap.IssueMgt_Suite.Escalation_FourIssues">
    <skipped/>
  </testcase> <!-- Escalation_PRQ_SecondIssue_Amber -->
  <system-out/>
  <testcase name="Escalation_PRQ_ThirdIssue_Amber" time="0.000" classname="nsf.ecap.IssueMgt_Suite.Escalation_FourIssues">
    <skipped/>
  </testcase> <!-- Escalation_PRQ_ThirdIssue_Amber -->
  <system-out/>
  <testcase name="Escalation_PRQ_FourthIssue_Red" time="0.000" classname="nsf.ecap.IssueMgt_Suite.Escalation_FourIssues">
    <skipped/>
  </testcase> <!-- Escalation_PRQ_FourthIssue_Red -->
  <system-out/>
  <testcase name="Escalation_PRQ_Generated_With_4_Issues" time="0.000" classname="nsf.ecap.IssueMgt_Suite.Escalation_FourIssues">
    <skipped/>
  </testcase> <!-- Escalation_PRQ_Generated_With_4_Issues -->
  <system-out/>
  <testcase name="Escalation_EditEscalation_Change_status_InitialRecord_to_SatisfactoryClosure" time="0.000" classname="nsf.ecap.IssueMgt_Suite.Escalation_FourIssues">
    <skipped/>
  </testcase> <!-- Escalation_EditEscalation_Change_status_InitialRecord_to_SatisfactoryClosure -->
  <system-out/>
  <testcase name="Escalation_Verify_AllIssuesClosed_As_EscalationClosed" time="0.000" classname="nsf.ecap.IssueMgt_Suite.Escalation_FourIssues">
    <skipped/>
  </testcase> <!-- Escalation_Verify_AllIssuesClosed_As_EscalationClosed -->
  <system-out/>
</testsuite> <!-- nsf.ecap.IssueMgt_Suite.Escalation_FourIssues -->
