<?xml version="1.0" encoding="UTF-8"?>
<!-- Generated by org.testng.reporters.JUnitReportReporter -->
<testsuite skipped="19" hostname="INDEL-L-4B3JDM3" name="nsf.ecap.Work_Order_suite.WO_Custom" tests="19" failures="0" timestamp="2022-06-16T10:13:55 IST" time="0.000" errors="0">
  <testcase name="CreateWOFlow" time="0.000" classname="nsf.ecap.Work_Order_suite.WO_Custom">
    <skipped/>
  </testcase> <!-- CreateWOFlow -->
  <system-out/>
  <testcase name="Check_alert_DRAFT_Status_N_AssignedWithTaskSetupIncomplete" time="0.000" classname="nsf.ecap.Work_Order_suite.WO_Custom">
    <skipped/>
  </testcase> <!-- Check_alert_DRAFT_Status_N_AssignedWithTaskSetupIncomplete -->
  <system-out/>
  <testcase name="AddingData__Facility_Tab" time="0.000" classname="nsf.ecap.Work_Order_suite.WO_Custom">
    <skipped/>
  </testcase> <!-- AddingData__Facility_Tab -->
  <system-out/>
  <testcase name="Custom_AddingData__Tasks_Tab" time="0.000" classname="nsf.ecap.Work_Order_suite.WO_Custom">
    <skipped/>
  </testcase> <!-- Custom_AddingData__Tasks_Tab -->
  <system-out/>
  <testcase name="AddingData__Products_Tab" time="0.000" classname="nsf.ecap.Work_Order_suite.WO_Custom">
    <skipped/>
  </testcase> <!-- AddingData__Products_Tab -->
  <system-out/>
  <testcase name="AddingData__Documents_Tab" time="0.000" classname="nsf.ecap.Work_Order_suite.WO_Custom">
    <skipped/>
  </testcase> <!-- AddingData__Documents_Tab -->
  <system-out/>
  <testcase name="AddingData__Financials_Tab" time="0.000" classname="nsf.ecap.Work_Order_suite.WO_Custom">
    <skipped/>
  </testcase> <!-- AddingData__Financials_Tab -->
  <system-out/>
  <testcase name="Verifying__ActionItems_Tab" time="0.000" classname="nsf.ecap.Work_Order_suite.WO_Custom">
    <skipped/>
  </testcase> <!-- Verifying__ActionItems_Tab -->
  <system-out/>
  <testcase name="Custom_Verifying__DRAFT_INREVIEW" time="0.000" classname="nsf.ecap.Work_Order_suite.WO_Custom">
    <skipped/>
  </testcase> <!-- Custom_Verifying__DRAFT_INREVIEW -->
  <system-out/>
  <testcase name="Custom_Client_App_Review_Task" time="0.000" classname="nsf.ecap.Work_Order_suite.WO_Custom">
    <skipped/>
  </testcase> <!-- Custom_Client_App_Review_Task -->
  <system-out/>
  <testcase name="Manually_SupplierFormsReady" time="0.000" classname="nsf.ecap.Work_Order_suite.WO_Custom">
    <skipped/>
  </testcase> <!-- Manually_SupplierFormsReady -->
  <system-out/>
  <testcase name="Custom_WO_Manually_Status_Change_To_InProcess" time="0.000" classname="nsf.ecap.Work_Order_suite.WO_Custom">
    <skipped/>
  </testcase> <!-- Custom_WO_Manually_Status_Change_To_InProcess -->
  <system-out/>
  <testcase name="Custom_WO_Alerts_Verify" time="0.000" classname="nsf.ecap.Work_Order_suite.WO_Custom">
    <skipped/>
  </testcase> <!-- Custom_WO_Alerts_Verify -->
  <system-out/>
  <testcase name="Supplier_Forms_task" time="0.000" classname="nsf.ecap.Work_Order_suite.WO_Custom">
    <skipped/>
  </testcase> <!-- Supplier_Forms_task -->
  <system-out/>
  <testcase name="Technical_Review_Task" time="0.000" classname="nsf.ecap.Work_Order_suite.WO_Custom">
    <skipped/>
  </testcase> <!-- Technical_Review_Task -->
  <system-out/>
  <testcase name="Custom_WO_Certification_Decision_Task" time="0.000" classname="nsf.ecap.Work_Order_suite.WO_Custom">
    <skipped/>
  </testcase> <!-- Custom_WO_Certification_Decision_Task -->
  <system-out/>
  <testcase name="Custom_WO_INPROCESS_to_COMPLETE" time="0.000" classname="nsf.ecap.Work_Order_suite.WO_Custom">
    <skipped/>
  </testcase> <!-- Custom_WO_INPROCESS_to_COMPLETE -->
  <system-out/>
  <testcase name="CLEANUP_WO_AUTOMATION_DATA" time="0.000" classname="nsf.ecap.Work_Order_suite.WO_Custom">
    <skipped/>
  </testcase> <!-- CLEANUP_WO_AUTOMATION_DATA -->
  <system-out/>
  <testcase name="App_Memory_StackTrace" classname="nsf.ecap.Work_Order_suite.WO_Custom">
    <skipped/>
  </testcase> <!-- App_Memory_StackTrace -->
  <system-out/>
</testsuite> <!-- nsf.ecap.Work_Order_suite.WO_Custom -->
