<?xml version="1.0" encoding="UTF-8"?>
<!-- Generated by org.testng.reporters.JUnitReportReporter -->
<testsuite skipped="13" hostname="INDEL-L-4B3JDM3" name="nsf.ecap.IssueMgt_Suite.CreateEscalation_AFP_Diff_Issues" tests="13" failures="0" timestamp="2022-06-16T10:13:55 IST" time="0.000" errors="0">
  <testcase name="Launch_Browser_and_Successfully_Login_into_the_Application" time="0.000" classname="nsf.ecap.IssueMgt_Suite.CreateEscalation_AFP_Diff_Issues">
    <skipped/>
  </testcase> <!-- Launch_Browser_and_Successfully_Login_into_the_Application -->
  <system-out/>
  <testcase name="Escalation_AFP_FirstIssue_Black" time="0.000" classname="nsf.ecap.IssueMgt_Suite.CreateEscalation_AFP_Diff_Issues">
    <skipped/>
  </testcase> <!-- Escalation_AFP_FirstIssue_Black -->
  <system-out/>
  <testcase name="Escalation_AFP_SecondIssue_Amber" time="0.000" classname="nsf.ecap.IssueMgt_Suite.CreateEscalation_AFP_Diff_Issues">
    <skipped/>
  </testcase> <!-- Escalation_AFP_SecondIssue_Amber -->
  <system-out/>
  <testcase name="Escalation_ChangeFirstIssueDate_to_PastDate_of_MoreThan_28Days_from_SecondIssueDate_and_IssueColor_Verify" time="0.000" classname="nsf.ecap.IssueMgt_Suite.CreateEscalation_AFP_Diff_Issues">
    <skipped/>
  </testcase> <!-- Escalation_ChangeFirstIssueDate_to_PastDate_of_MoreThan_28Days_from_SecondIssueDate_and_IssueColor_Verify -->
  <system-out/>
  <testcase name="Escalation_ChangeFirstIssueDate_BackTo_OriginalDate_and_IssueColor_Verify" time="0.000" classname="nsf.ecap.IssueMgt_Suite.CreateEscalation_AFP_Diff_Issues">
    <skipped/>
  </testcase> <!-- Escalation_ChangeFirstIssueDate_BackTo_OriginalDate_and_IssueColor_Verify -->
  <system-out/>
  <testcase name="Escalation_ChangeSecondIssueDate_to_PastDate_of_MoreThan_28Days_from_FirstIssueDate_and_IssueColor_Verify" time="0.000" classname="nsf.ecap.IssueMgt_Suite.CreateEscalation_AFP_Diff_Issues">
    <skipped/>
  </testcase> <!-- Escalation_ChangeSecondIssueDate_to_PastDate_of_MoreThan_28Days_from_FirstIssueDate_and_IssueColor_Verify -->
  <system-out/>
  <testcase name="Escalation_ChangeSecondIssueDate_BackTo_OriginalDate_and_IssueColor_Verify" time="0.000" classname="nsf.ecap.IssueMgt_Suite.CreateEscalation_AFP_Diff_Issues">
    <skipped/>
  </testcase> <!-- Escalation_ChangeSecondIssueDate_BackTo_OriginalDate_and_IssueColor_Verify -->
  <system-out/>
  <testcase name="Escalation_AFP_ThirdIssue_Red" time="0.000" classname="nsf.ecap.IssueMgt_Suite.CreateEscalation_AFP_Diff_Issues">
    <skipped/>
  </testcase> <!-- Escalation_AFP_ThirdIssue_Red -->
  <system-out/>
  <testcase name="Escalation_AFP_Verify_Escalation_Generated_and_VERIFY_All_Issues_Color" time="0.000" classname="nsf.ecap.IssueMgt_Suite.CreateEscalation_AFP_Diff_Issues">
    <skipped/>
  </testcase> <!-- Escalation_AFP_Verify_Escalation_Generated_and_VERIFY_All_Issues_Color -->
  <system-out/>
  <testcase name="Escalation_ChangeFirstIssueDate_to_PastDate_of_MoreThan_28Days_from_SecondIssueDate_and_Verify_IssuesColor" time="0.000" classname="nsf.ecap.IssueMgt_Suite.CreateEscalation_AFP_Diff_Issues">
    <skipped/>
  </testcase> <!-- Escalation_ChangeFirstIssueDate_to_PastDate_of_MoreThan_28Days_from_SecondIssueDate_and_Verify_IssuesColor -->
  <system-out/>
  <testcase name="Escalation_ChangeFirstIssueDate_BackTo_OriginalDate_and_Verify_IssuesColor" time="0.000" classname="nsf.ecap.IssueMgt_Suite.CreateEscalation_AFP_Diff_Issues">
    <skipped/>
  </testcase> <!-- Escalation_ChangeFirstIssueDate_BackTo_OriginalDate_and_Verify_IssuesColor -->
  <system-out/>
  <testcase name="Escalation_EditEscalation_Change_status_InitialRecord_to_SatisfactoryClosure" time="0.000" classname="nsf.ecap.IssueMgt_Suite.CreateEscalation_AFP_Diff_Issues">
    <skipped/>
  </testcase> <!-- Escalation_EditEscalation_Change_status_InitialRecord_to_SatisfactoryClosure -->
  <system-out/>
  <testcase name="Escalation_Verify_AllIssuesClosed_As_EscalationClosed" time="0.000" classname="nsf.ecap.IssueMgt_Suite.CreateEscalation_AFP_Diff_Issues">
    <skipped/>
  </testcase> <!-- Escalation_Verify_AllIssuesClosed_As_EscalationClosed -->
  <system-out/>
</testsuite> <!-- nsf.ecap.IssueMgt_Suite.CreateEscalation_AFP_Diff_Issues -->
