<?xml version="1.0" encoding="UTF-8"?>
<!-- Generated by org.testng.reporters.JUnitReportReporter -->
<testsuite skipped="5" hostname="INDEL-L-4B3JDM3" name="nsf.ecap.New_NSFOnline_Suite.BS_16_Alerts_SortOder" tests="5" failures="0" timestamp="2022-06-16T10:13:55 IST" time="0.000" errors="0">
  <testcase name="Launch_Browser_and_Successfully_Login_into_the_Application" time="0.000" classname="nsf.ecap.New_NSFOnline_Suite.BS_16_Alerts_SortOder">
    <skipped/>
  </testcase> <!-- Launch_Browser_and_Successfully_Login_into_the_Application -->
  <system-out/>
  <testcase name="Create_New_View_With_Different_Alerts_under_Site_Module" time="0.000" classname="nsf.ecap.New_NSFOnline_Suite.BS_16_Alerts_SortOder">
    <skipped/>
  </testcase> <!-- Create_New_View_With_Different_Alerts_under_Site_Module -->
  <system-out/>
  <testcase name="Verify_Alerts_Generated_with_Correct_Color_under_Site_Section" time="0.000" classname="nsf.ecap.New_NSFOnline_Suite.BS_16_Alerts_SortOder">
    <skipped/>
  </testcase> <!-- Verify_Alerts_Generated_with_Correct_Color_under_Site_Section -->
  <system-out/>
  <testcase name="Verify_Alerts_Color_Sorting___Red_Orange_Green_Gray___under_Site_Section" time="0.000" classname="nsf.ecap.New_NSFOnline_Suite.BS_16_Alerts_SortOder">
    <skipped/>
  </testcase> <!-- Verify_Alerts_Color_Sorting___Red_Orange_Green_Gray___under_Site_Section -->
  <system-out/>
  <testcase name="Verify_Entity_Order_on_AlertsScreen" time="0.000" classname="nsf.ecap.New_NSFOnline_Suite.BS_16_Alerts_SortOder">
    <skipped/>
  </testcase> <!-- Verify_Entity_Order_on_AlertsScreen -->
  <system-out/>
</testsuite> <!-- nsf.ecap.New_NSFOnline_Suite.BS_16_Alerts_SortOder -->
